::1 - - [28/Aug/2020:18:30:06 +0000] "GET /socket.io/?EIO=3&transport=polling&t=NGsLNu4 HTTP/1.1" 404 149 "http://localhost:8000/" "Mozilla/5.0 (Windows NT 10.0; Win64; x64) AppleWebKit/537.36 (KHTML, like Gecko) Chrome/84.0.4147.135 Safari/537.36"
::1 - - [28/Aug/2020:18:30:13 +0000] "GET /socket.io/?EIO=3&transport=polling&t=NGsLPbP HTTP/1.1" 404 149 "http://localhost:8000/" "Mozilla/5.0 (Windows NT 10.0; Win64; x64) AppleWebKit/537.36 (KHTML, like Gecko) Chrome/84.0.4147.135 Safari/537.36"
::1 - - [28/Aug/2020:18:30:20 +0000] "GET /socket.io/?EIO=3&transport=polling&t=NGsLRIn HTTP/1.1" 404 149 "http://localhost:8000/" "Mozilla/5.0 (Windows NT 10.0; Win64; x64) AppleWebKit/537.36 (KHTML, like Gecko) Chrome/84.0.4147.135 Safari/537.36"
::1 - - [28/Aug/2020:18:30:27 +0000] "GET /socket.io/?EIO=3&transport=polling&t=NGsLT0O HTTP/1.1" 404 149 "http://localhost:8000/" "Mozilla/5.0 (Windows NT 10.0; Win64; x64) AppleWebKit/537.36 (KHTML, like Gecko) Chrome/84.0.4147.135 Safari/537.36"
::1 - - [28/Aug/2020:18:30:34 +0000] "GET /socket.io/?EIO=3&transport=polling&t=NGsLUjb HTTP/1.1" 404 149 "http://localhost:8000/" "Mozilla/5.0 (Windows NT 10.0; Win64; x64) AppleWebKit/537.36 (KHTML, like Gecko) Chrome/84.0.4147.135 Safari/537.36"
::1 - - [28/Aug/2020:18:30:41 +0000] "GET /socket.io/?EIO=3&transport=polling&t=NGsLWQv HTTP/1.1" 404 149 "http://localhost:8000/" "Mozilla/5.0 (Windows NT 10.0; Win64; x64) AppleWebKit/537.36 (KHTML, like Gecko) Chrome/84.0.4147.135 Safari/537.36"
::1 - - [28/Aug/2020:18:30:48 +0000] "GET /socket.io/?EIO=3&transport=polling&t=NGsLY8I HTTP/1.1" 404 149 "http://localhost:8000/" "Mozilla/5.0 (Windows NT 10.0; Win64; x64) AppleWebKit/537.36 (KHTML, like Gecko) Chrome/84.0.4147.135 Safari/537.36"
::1 - - [28/Aug/2020:18:30:55 +0000] "GET /socket.io/?EIO=3&transport=polling&t=NGsLZrr HTTP/1.1" 404 149 "http://localhost:8000/" "Mozilla/5.0 (Windows NT 10.0; Win64; x64) AppleWebKit/537.36 (KHTML, like Gecko) Chrome/84.0.4147.135 Safari/537.36"
::1 - - [28/Aug/2020:18:31:02 +0000] "GET /socket.io/?EIO=3&transport=polling&t=NGsLbZC HTTP/1.1" 404 149 "http://localhost:8000/" "Mozilla/5.0 (Windows NT 10.0; Win64; x64) AppleWebKit/537.36 (KHTML, like Gecko) Chrome/84.0.4147.135 Safari/537.36"
::1 - - [28/Aug/2020:18:31:09 +0000] "GET /socket.io/?EIO=3&transport=polling&t=NGsLdGb HTTP/1.1" 404 149 "http://localhost:8000/" "Mozilla/5.0 (Windows NT 10.0; Win64; x64) AppleWebKit/537.36 (KHTML, like Gecko) Chrome/84.0.4147.135 Safari/537.36"
::1 - - [28/Aug/2020:18:31:16 +0000] "GET /socket.io/?EIO=3&transport=polling&t=NGsLezs HTTP/1.1" 404 149 "http://localhost:8000/" "Mozilla/5.0 (Windows NT 10.0; Win64; x64) AppleWebKit/537.36 (KHTML, like Gecko) Chrome/84.0.4147.135 Safari/537.36"
::1 - - [28/Aug/2020:18:31:23 +0000] "GET /socket.io/?EIO=3&transport=polling&t=NGsLgi4 HTTP/1.1" 404 149 "http://localhost:8000/" "Mozilla/5.0 (Windows NT 10.0; Win64; x64) AppleWebKit/537.36 (KHTML, like Gecko) Chrome/84.0.4147.135 Safari/537.36"
::1 - - [28/Aug/2020:18:31:30 +0000] "GET /socket.io/?EIO=3&transport=polling&t=NGsLiOY HTTP/1.1" 404 149 "http://localhost:8000/" "Mozilla/5.0 (Windows NT 10.0; Win64; x64) AppleWebKit/537.36 (KHTML, like Gecko) Chrome/84.0.4147.135 Safari/537.36"
::1 - - [28/Aug/2020:18:31:37 +0000] "GET /socket.io/?EIO=3&transport=polling&t=NGsLk6J HTTP/1.1" 404 149 "http://localhost:8000/" "Mozilla/5.0 (Windows NT 10.0; Win64; x64) AppleWebKit/537.36 (KHTML, like Gecko) Chrome/84.0.4147.135 Safari/537.36"
::1 - - [28/Aug/2020:18:31:44 +0000] "GET /socket.io/?EIO=3&transport=polling&t=NGsLlpJ HTTP/1.1" 404 149 "http://localhost:8000/" "Mozilla/5.0 (Windows NT 10.0; Win64; x64) AppleWebKit/537.36 (KHTML, like Gecko) Chrome/84.0.4147.135 Safari/537.36"
::1 - - [28/Aug/2020:18:31:51 +0000] "GET /socket.io/?EIO=3&transport=polling&t=NGsLnXY HTTP/1.1" 404 149 "http://localhost:8000/" "Mozilla/5.0 (Windows NT 10.0; Win64; x64) AppleWebKit/537.36 (KHTML, like Gecko) Chrome/84.0.4147.135 Safari/537.36"
::1 - - [28/Aug/2020:18:31:58 +0000] "GET /socket.io/?EIO=3&transport=polling&t=NGsLpE9 HTTP/1.1" 404 149 "http://localhost:8000/" "Mozilla/5.0 (Windows NT 10.0; Win64; x64) AppleWebKit/537.36 (KHTML, like Gecko) Chrome/84.0.4147.135 Safari/537.36"
::1 - - [28/Aug/2020:18:32:05 +0000] "GET /socket.io/?EIO=3&transport=polling&t=NGsLqxb HTTP/1.1" 404 149 "http://localhost:8000/" "Mozilla/5.0 (Windows NT 10.0; Win64; x64) AppleWebKit/537.36 (KHTML, like Gecko) Chrome/84.0.4147.135 Safari/537.36"
::1 - - [28/Aug/2020:18:32:12 +0000] "GET /socket.io/?EIO=3&transport=polling&t=NGsLsf8 HTTP/1.1" 404 149 "http://localhost:8000/" "Mozilla/5.0 (Windows NT 10.0; Win64; x64) AppleWebKit/537.36 (KHTML, like Gecko) Chrome/84.0.4147.135 Safari/537.36"
::1 - - [28/Aug/2020:18:32:19 +0000] "GET /socket.io/?EIO=3&transport=polling&t=NGsLuO5 HTTP/1.1" 404 149 "http://localhost:8000/" "Mozilla/5.0 (Windows NT 10.0; Win64; x64) AppleWebKit/537.36 (KHTML, like Gecko) Chrome/84.0.4147.135 Safari/537.36"
::1 - - [28/Aug/2020:18:32:26 +0000] "GET /socket.io/?EIO=3&transport=polling&t=NGsLw3b HTTP/1.1" 404 149 "http://localhost:8000/" "Mozilla/5.0 (Windows NT 10.0; Win64; x64) AppleWebKit/537.36 (KHTML, like Gecko) Chrome/84.0.4147.135 Safari/537.36"
::1 - - [28/Aug/2020:18:32:33 +0000] "GET /socket.io/?EIO=3&transport=polling&t=NGsLxmz HTTP/1.1" 404 149 "http://localhost:8000/" "Mozilla/5.0 (Windows NT 10.0; Win64; x64) AppleWebKit/537.36 (KHTML, like Gecko) Chrome/84.0.4147.135 Safari/537.36"
::1 - - [28/Aug/2020:18:32:40 +0000] "GET /socket.io/?EIO=3&transport=polling&t=NGsLzUV HTTP/1.1" 404 149 "http://localhost:8000/" "Mozilla/5.0 (Windows NT 10.0; Win64; x64) AppleWebKit/537.36 (KHTML, like Gecko) Chrome/84.0.4147.135 Safari/537.36"
::1 - - [28/Aug/2020:18:32:47 +0000] "GET /socket.io/?EIO=3&transport=polling&t=NGsL_Cw HTTP/1.1" 404 149 "http://localhost:8000/" "Mozilla/5.0 (Windows NT 10.0; Win64; x64) AppleWebKit/537.36 (KHTML, like Gecko) Chrome/84.0.4147.135 Safari/537.36"
::1 - - [28/Aug/2020:18:32:54 +0000] "GET /socket.io/?EIO=3&transport=polling&t=NGsM0vB HTTP/1.1" 404 149 "http://localhost:8000/" "Mozilla/5.0 (Windows NT 10.0; Win64; x64) AppleWebKit/537.36 (KHTML, like Gecko) Chrome/84.0.4147.135 Safari/537.36"
::1 - - [28/Aug/2020:18:33:01 +0000] "GET /socket.io/?EIO=3&transport=polling&t=NGsM2d5 HTTP/1.1" 404 149 "http://localhost:8000/" "Mozilla/5.0 (Windows NT 10.0; Win64; x64) AppleWebKit/537.36 (KHTML, like Gecko) Chrome/84.0.4147.135 Safari/537.36"
::1 - - [28/Aug/2020:18:33:08 +0000] "GET /socket.io/?EIO=3&transport=polling&t=NGsM4K9 HTTP/1.1" 404 149 "http://localhost:8000/" "Mozilla/5.0 (Windows NT 10.0; Win64; x64) AppleWebKit/537.36 (KHTML, like Gecko) Chrome/84.0.4147.135 Safari/537.36"
::1 - - [28/Aug/2020:18:33:15 +0000] "GET /socket.io/?EIO=3&transport=polling&t=NGsM619 HTTP/1.1" 404 149 "http://localhost:8000/" "Mozilla/5.0 (Windows NT 10.0; Win64; x64) AppleWebKit/537.36 (KHTML, like Gecko) Chrome/84.0.4147.135 Safari/537.36"
::1 - - [28/Aug/2020:18:33:22 +0000] "GET /socket.io/?EIO=3&transport=polling&t=NGsM7l6 HTTP/1.1" 404 149 "http://localhost:8000/" "Mozilla/5.0 (Windows NT 10.0; Win64; x64) AppleWebKit/537.36 (KHTML, like Gecko) Chrome/84.0.4147.135 Safari/537.36"
::1 - - [28/Aug/2020:18:33:29 +0000] "GET /socket.io/?EIO=3&transport=polling&t=NGsM9Rx HTTP/1.1" 404 149 "http://localhost:8000/" "Mozilla/5.0 (Windows NT 10.0; Win64; x64) AppleWebKit/537.36 (KHTML, like Gecko) Chrome/84.0.4147.135 Safari/537.36"
::1 - - [28/Aug/2020:18:33:36 +0000] "GET /socket.io/?EIO=3&transport=polling&t=NGsMBCQ HTTP/1.1" 404 149 "http://localhost:8000/" "Mozilla/5.0 (Windows NT 10.0; Win64; x64) AppleWebKit/537.36 (KHTML, like Gecko) Chrome/84.0.4147.135 Safari/537.36"
::1 - - [28/Aug/2020:18:33:43 +0000] "GET /socket.io/?EIO=3&transport=polling&t=NGsMCss HTTP/1.1" 404 149 "http://localhost:8000/" "Mozilla/5.0 (Windows NT 10.0; Win64; x64) AppleWebKit/537.36 (KHTML, like Gecko) Chrome/84.0.4147.135 Safari/537.36"
::1 - - [28/Aug/2020:18:33:50 +0000] "GET /socket.io/?EIO=3&transport=polling&t=NGsMEa6 HTTP/1.1" 404 149 "http://localhost:8000/" "Mozilla/5.0 (Windows NT 10.0; Win64; x64) AppleWebKit/537.36 (KHTML, like Gecko) Chrome/84.0.4147.135 Safari/537.36"
::1 - - [28/Aug/2020:18:33:57 +0000] "GET /socket.io/?EIO=3&transport=polling&t=NGsMGHS HTTP/1.1" 404 149 "http://localhost:8000/" "Mozilla/5.0 (Windows NT 10.0; Win64; x64) AppleWebKit/537.36 (KHTML, like Gecko) Chrome/84.0.4147.135 Safari/537.36"
::1 - - [28/Aug/2020:18:34:04 +0000] "GET /socket.io/?EIO=3&transport=polling&t=NGsMH-p HTTP/1.1" 404 149 "http://localhost:8000/" "Mozilla/5.0 (Windows NT 10.0; Win64; x64) AppleWebKit/537.36 (KHTML, like Gecko) Chrome/84.0.4147.135 Safari/537.36"
::1 - - [28/Aug/2020:18:34:11 +0000] "GET /socket.io/?EIO=3&transport=polling&t=NGsMJi8 HTTP/1.1" 404 149 "http://localhost:8000/" "Mozilla/5.0 (Windows NT 10.0; Win64; x64) AppleWebKit/537.36 (KHTML, like Gecko) Chrome/84.0.4147.135 Safari/537.36"
::1 - - [28/Aug/2020:18:34:18 +0000] "GET /socket.io/?EIO=3&transport=polling&t=NGsMLPZ HTTP/1.1" 404 149 "http://localhost:8000/" "Mozilla/5.0 (Windows NT 10.0; Win64; x64) AppleWebKit/537.36 (KHTML, like Gecko) Chrome/84.0.4147.135 Safari/537.36"
::1 - - [28/Aug/2020:18:34:25 +0000] "GET /socket.io/?EIO=3&transport=polling&t=NGsMN6y HTTP/1.1" 404 149 "http://localhost:8000/" "Mozilla/5.0 (Windows NT 10.0; Win64; x64) AppleWebKit/537.36 (KHTML, like Gecko) Chrome/84.0.4147.135 Safari/537.36"
::1 - - [28/Aug/2020:18:34:32 +0000] "GET /socket.io/?EIO=3&transport=polling&t=NGsMOqL HTTP/1.1" 404 149 "http://localhost:8000/" "Mozilla/5.0 (Windows NT 10.0; Win64; x64) AppleWebKit/537.36 (KHTML, like Gecko) Chrome/84.0.4147.135 Safari/537.36"
::1 - - [28/Aug/2020:18:34:39 +0000] "GET /socket.io/?EIO=3&transport=polling&t=NGsMQYb HTTP/1.1" 404 149 "http://localhost:8000/" "Mozilla/5.0 (Windows NT 10.0; Win64; x64) AppleWebKit/537.36 (KHTML, like Gecko) Chrome/84.0.4147.135 Safari/537.36"
::1 - - [28/Aug/2020:18:34:46 +0000] "GET /socket.io/?EIO=3&transport=polling&t=NGsMSF0 HTTP/1.1" 404 149 "http://localhost:8000/" "Mozilla/5.0 (Windows NT 10.0; Win64; x64) AppleWebKit/537.36 (KHTML, like Gecko) Chrome/84.0.4147.135 Safari/537.36"
::1 - - [28/Aug/2020:18:34:53 +0000] "GET /socket.io/?EIO=3&transport=polling&t=NGsMTyP HTTP/1.1" 404 149 "http://localhost:8000/" "Mozilla/5.0 (Windows NT 10.0; Win64; x64) AppleWebKit/537.36 (KHTML, like Gecko) Chrome/84.0.4147.135 Safari/537.36"
::1 - - [28/Aug/2020:18:35:00 +0000] "GET /socket.io/?EIO=3&transport=polling&t=NGsMVfn HTTP/1.1" 404 149 "http://localhost:8000/" "Mozilla/5.0 (Windows NT 10.0; Win64; x64) AppleWebKit/537.36 (KHTML, like Gecko) Chrome/84.0.4147.135 Safari/537.36"
::1 - - [28/Aug/2020:18:35:07 +0000] "GET /socket.io/?EIO=3&transport=polling&t=NGsMXNT HTTP/1.1" 404 149 "http://localhost:8000/" "Mozilla/5.0 (Windows NT 10.0; Win64; x64) AppleWebKit/537.36 (KHTML, like Gecko) Chrome/84.0.4147.135 Safari/537.36"
::1 - - [28/Aug/2020:18:35:14 +0000] "GET /socket.io/?EIO=3&transport=polling&t=NGsMZ4e HTTP/1.1" 404 149 "http://localhost:8000/" "Mozilla/5.0 (Windows NT 10.0; Win64; x64) AppleWebKit/537.36 (KHTML, like Gecko) Chrome/84.0.4147.135 Safari/537.36"
::1 - - [28/Aug/2020:18:35:21 +0000] "GET /socket.io/?EIO=3&transport=polling&t=NGsMaoO HTTP/1.1" 404 149 "http://localhost:8000/" "Mozilla/5.0 (Windows NT 10.0; Win64; x64) AppleWebKit/537.36 (KHTML, like Gecko) Chrome/84.0.4147.135 Safari/537.36"
::1 - - [28/Aug/2020:18:35:28 +0000] "GET /socket.io/?EIO=3&transport=polling&t=NGsMcYd HTTP/1.1" 404 149 "http://localhost:8000/" "Mozilla/5.0 (Windows NT 10.0; Win64; x64) AppleWebKit/537.36 (KHTML, like Gecko) Chrome/84.0.4147.135 Safari/537.36"
::1 - - [28/Aug/2020:18:35:35 +0000] "GET /socket.io/?EIO=3&transport=polling&t=NGsMeCf HTTP/1.1" 404 149 "http://localhost:8000/" "Mozilla/5.0 (Windows NT 10.0; Win64; x64) AppleWebKit/537.36 (KHTML, like Gecko) Chrome/84.0.4147.135 Safari/537.36"
::1 - - [28/Aug/2020:18:35:42 +0000] "GET /socket.io/?EIO=3&transport=polling&t=NGsMfw9 HTTP/1.1" 404 149 "http://localhost:8000/" "Mozilla/5.0 (Windows NT 10.0; Win64; x64) AppleWebKit/537.36 (KHTML, like Gecko) Chrome/84.0.4147.135 Safari/537.36"
::1 - - [28/Aug/2020:18:35:49 +0000] "GET /socket.io/?EIO=3&transport=polling&t=NGsMhdl HTTP/1.1" 404 149 "http://localhost:8000/" "Mozilla/5.0 (Windows NT 10.0; Win64; x64) AppleWebKit/537.36 (KHTML, like Gecko) Chrome/84.0.4147.135 Safari/537.36"
::1 - - [28/Aug/2020:18:35:56 +0000] "GET /socket.io/?EIO=3&transport=polling&t=NGsMjLN HTTP/1.1" 404 149 "http://localhost:8000/" "Mozilla/5.0 (Windows NT 10.0; Win64; x64) AppleWebKit/537.36 (KHTML, like Gecko) Chrome/84.0.4147.135 Safari/537.36"
::1 - - [28/Aug/2020:18:36:03 +0000] "GET /socket.io/?EIO=3&transport=polling&t=NGsMl2N HTTP/1.1" 404 149 "http://localhost:8000/" "Mozilla/5.0 (Windows NT 10.0; Win64; x64) AppleWebKit/537.36 (KHTML, like Gecko) Chrome/84.0.4147.135 Safari/537.36"
::1 - - [28/Aug/2020:18:36:10 +0000] "GET /socket.io/?EIO=3&transport=polling&t=NGsMmlg HTTP/1.1" 404 149 "http://localhost:8000/" "Mozilla/5.0 (Windows NT 10.0; Win64; x64) AppleWebKit/537.36 (KHTML, like Gecko) Chrome/84.0.4147.135 Safari/537.36"
::1 - - [28/Aug/2020:18:36:17 +0000] "GET /socket.io/?EIO=3&transport=polling&t=NGsMoT0 HTTP/1.1" 404 149 "http://localhost:8000/" "Mozilla/5.0 (Windows NT 10.0; Win64; x64) AppleWebKit/537.36 (KHTML, like Gecko) Chrome/84.0.4147.135 Safari/537.36"
::1 - - [28/Aug/2020:18:36:24 +0000] "GET /socket.io/?EIO=3&transport=polling&t=NGsMqAM HTTP/1.1" 404 149 "http://localhost:8000/" "Mozilla/5.0 (Windows NT 10.0; Win64; x64) AppleWebKit/537.36 (KHTML, like Gecko) Chrome/84.0.4147.135 Safari/537.36"
::1 - - [28/Aug/2020:18:36:31 +0000] "GET /socket.io/?EIO=3&transport=polling&t=NGsMrtj HTTP/1.1" 404 149 "http://localhost:8000/" "Mozilla/5.0 (Windows NT 10.0; Win64; x64) AppleWebKit/537.36 (KHTML, like Gecko) Chrome/84.0.4147.135 Safari/537.36"
::1 - - [28/Aug/2020:18:36:38 +0000] "GET /socket.io/?EIO=3&transport=polling&t=NGsMtb6 HTTP/1.1" 404 149 "http://localhost:8000/" "Mozilla/5.0 (Windows NT 10.0; Win64; x64) AppleWebKit/537.36 (KHTML, like Gecko) Chrome/84.0.4147.135 Safari/537.36"
::1 - - [28/Aug/2020:18:36:45 +0000] "GET /socket.io/?EIO=3&transport=polling&t=NGsMvIm HTTP/1.1" 404 149 "http://localhost:8000/" "Mozilla/5.0 (Windows NT 10.0; Win64; x64) AppleWebKit/537.36 (KHTML, like Gecko) Chrome/84.0.4147.135 Safari/537.36"
::1 - - [28/Aug/2020:18:36:52 +0000] "GET /socket.io/?EIO=3&transport=polling&t=NGsMx2u HTTP/1.1" 404 149 "http://localhost:8000/" "Mozilla/5.0 (Windows NT 10.0; Win64; x64) AppleWebKit/537.36 (KHTML, like Gecko) Chrome/84.0.4147.135 Safari/537.36"
::1 - - [28/Aug/2020:18:36:59 +0000] "GET /socket.io/?EIO=3&transport=polling&t=NGsMyjN HTTP/1.1" 404 149 "http://localhost:8000/" "Mozilla/5.0 (Windows NT 10.0; Win64; x64) AppleWebKit/537.36 (KHTML, like Gecko) Chrome/84.0.4147.135 Safari/537.36"
::1 - - [28/Aug/2020:18:37:06 +0000] "GET /socket.io/?EIO=3&transport=polling&t=NGsM-QY HTTP/1.1" 404 149 "http://localhost:8000/" "Mozilla/5.0 (Windows NT 10.0; Win64; x64) AppleWebKit/537.36 (KHTML, like Gecko) Chrome/84.0.4147.135 Safari/537.36"
::1 - - [28/Aug/2020:18:37:13 +0000] "GET /socket.io/?EIO=3&transport=polling&t=NGsN08I HTTP/1.1" 404 149 "http://localhost:8000/" "Mozilla/5.0 (Windows NT 10.0; Win64; x64) AppleWebKit/537.36 (KHTML, like Gecko) Chrome/84.0.4147.135 Safari/537.36"
::1 - - [28/Aug/2020:18:37:20 +0000] "GET /socket.io/?EIO=3&transport=polling&t=NGsN1rS HTTP/1.1" 404 149 "http://localhost:8000/" "Mozilla/5.0 (Windows NT 10.0; Win64; x64) AppleWebKit/537.36 (KHTML, like Gecko) Chrome/84.0.4147.135 Safari/537.36"
::1 - - [28/Aug/2020:18:37:27 +0000] "GET /socket.io/?EIO=3&transport=polling&t=NGsN3Yv HTTP/1.1" 404 149 "http://localhost:8000/" "Mozilla/5.0 (Windows NT 10.0; Win64; x64) AppleWebKit/537.36 (KHTML, like Gecko) Chrome/84.0.4147.135 Safari/537.36"
::1 - - [28/Aug/2020:18:37:34 +0000] "GET /socket.io/?EIO=3&transport=polling&t=NGsN5G2 HTTP/1.1" 404 149 "http://localhost:8000/" "Mozilla/5.0 (Windows NT 10.0; Win64; x64) AppleWebKit/537.36 (KHTML, like Gecko) Chrome/84.0.4147.135 Safari/537.36"
::1 - - [28/Aug/2020:18:37:49 +0000] "GET /socket.io/?EIO=3&transport=polling&t=NGsN6zZ HTTP/1.1" 404 149 "http://localhost:8000/" "Mozilla/5.0 (Windows NT 10.0; Win64; x64) AppleWebKit/537.36 (KHTML, like Gecko) Chrome/84.0.4147.135 Safari/537.36"
::1 - - [28/Aug/2020:18:37:55 +0000] "GET /socket.io/?EIO=3&transport=polling&t=NGsNAOE HTTP/1.1" 404 149 "http://localhost:8000/" "Mozilla/5.0 (Windows NT 10.0; Win64; x64) AppleWebKit/537.36 (KHTML, like Gecko) Chrome/84.0.4147.135 Safari/537.36"
::1 - - [28/Aug/2020:18:38:02 +0000] "GET /socket.io/?EIO=3&transport=polling&t=NGsNC5t HTTP/1.1" 404 149 "http://localhost:8000/" "Mozilla/5.0 (Windows NT 10.0; Win64; x64) AppleWebKit/537.36 (KHTML, like Gecko) Chrome/84.0.4147.135 Safari/537.36"
::1 - - [28/Aug/2020:18:38:09 +0000] "GET /socket.io/?EIO=3&transport=polling&t=NGsNDp3 HTTP/1.1" 404 149 "http://localhost:8000/" "Mozilla/5.0 (Windows NT 10.0; Win64; x64) AppleWebKit/537.36 (KHTML, like Gecko) Chrome/84.0.4147.135 Safari/537.36"
::1 - - [28/Aug/2020:18:38:16 +0000] "GET /socket.io/?EIO=3&transport=polling&t=NGsNFWL HTTP/1.1" 404 149 "http://localhost:8000/" "Mozilla/5.0 (Windows NT 10.0; Win64; x64) AppleWebKit/537.36 (KHTML, like Gecko) Chrome/84.0.4147.135 Safari/537.36"
::1 - - [28/Aug/2020:18:38:23 +0000] "GET /socket.io/?EIO=3&transport=polling&t=NGsNHDf HTTP/1.1" 404 149 "http://localhost:8000/" "Mozilla/5.0 (Windows NT 10.0; Win64; x64) AppleWebKit/537.36 (KHTML, like Gecko) Chrome/84.0.4147.135 Safari/537.36"
::1 - - [28/Aug/2020:18:38:30 +0000] "GET /socket.io/?EIO=3&transport=polling&t=NGsNIx4 HTTP/1.1" 404 149 "http://localhost:8000/" "Mozilla/5.0 (Windows NT 10.0; Win64; x64) AppleWebKit/537.36 (KHTML, like Gecko) Chrome/84.0.4147.135 Safari/537.36"
::1 - - [28/Aug/2020:18:38:37 +0000] "GET /socket.io/?EIO=3&transport=polling&t=NGsNKeR HTTP/1.1" 404 149 "http://localhost:8000/" "Mozilla/5.0 (Windows NT 10.0; Win64; x64) AppleWebKit/537.36 (KHTML, like Gecko) Chrome/84.0.4147.135 Safari/537.36"
::1 - - [28/Aug/2020:18:38:44 +0000] "GET /socket.io/?EIO=3&transport=polling&t=NGsNMLy HTTP/1.1" 404 149 "http://localhost:8000/" "Mozilla/5.0 (Windows NT 10.0; Win64; x64) AppleWebKit/537.36 (KHTML, like Gecko) Chrome/84.0.4147.135 Safari/537.36"
::1 - - [28/Aug/2020:18:38:51 +0000] "GET /socket.io/?EIO=3&transport=polling&t=NGsNO39 HTTP/1.1" 404 149 "http://localhost:8000/" "Mozilla/5.0 (Windows NT 10.0; Win64; x64) AppleWebKit/537.36 (KHTML, like Gecko) Chrome/84.0.4147.135 Safari/537.36"
::1 - - [28/Aug/2020:18:38:58 +0000] "GET /socket.io/?EIO=3&transport=polling&t=NGsNPmr HTTP/1.1" 404 149 "http://localhost:8000/" "Mozilla/5.0 (Windows NT 10.0; Win64; x64) AppleWebKit/537.36 (KHTML, like Gecko) Chrome/84.0.4147.135 Safari/537.36"
::1 - - [28/Aug/2020:18:39:05 +0000] "GET /socket.io/?EIO=3&transport=polling&t=NGsNRTy HTTP/1.1" 404 149 "http://localhost:8000/" "Mozilla/5.0 (Windows NT 10.0; Win64; x64) AppleWebKit/537.36 (KHTML, like Gecko) Chrome/84.0.4147.135 Safari/537.36"
::1 - - [28/Aug/2020:18:39:12 +0000] "GET /socket.io/?EIO=3&transport=polling&t=NGsNTBJ HTTP/1.1" 404 149 "http://localhost:8000/" "Mozilla/5.0 (Windows NT 10.0; Win64; x64) AppleWebKit/537.36 (KHTML, like Gecko) Chrome/84.0.4147.135 Safari/537.36"
::1 - - [28/Aug/2020:18:39:19 +0000] "GET /socket.io/?EIO=3&transport=polling&t=NGsNUuq HTTP/1.1" 404 149 "http://localhost:8000/" "Mozilla/5.0 (Windows NT 10.0; Win64; x64) AppleWebKit/537.36 (KHTML, like Gecko) Chrome/84.0.4147.135 Safari/537.36"
::1 - - [28/Aug/2020:18:39:26 +0000] "GET /socket.io/?EIO=3&transport=polling&t=NGsNWcC HTTP/1.1" 404 149 "http://localhost:8000/" "Mozilla/5.0 (Windows NT 10.0; Win64; x64) AppleWebKit/537.36 (KHTML, like Gecko) Chrome/84.0.4147.135 Safari/537.36"
::1 - - [28/Aug/2020:18:39:33 +0000] "GET /socket.io/?EIO=3&transport=polling&t=NGsNYLn HTTP/1.1" 404 149 "http://localhost:8000/" "Mozilla/5.0 (Windows NT 10.0; Win64; x64) AppleWebKit/537.36 (KHTML, like Gecko) Chrome/84.0.4147.135 Safari/537.36"
::1 - - [28/Aug/2020:18:39:41 +0000] "GET /socket.io/?EIO=3&transport=polling&t=NGsNa0r HTTP/1.1" 404 149 "http://localhost:8000/" "Mozilla/5.0 (Windows NT 10.0; Win64; x64) AppleWebKit/537.36 (KHTML, like Gecko) Chrome/84.0.4147.135 Safari/537.36"
::1 - - [28/Aug/2020:18:39:49 +0000] "GET /socket.io/?EIO=3&transport=polling&t=NGsNcDv HTTP/1.1" 404 149 "http://localhost:8000/" "Mozilla/5.0 (Windows NT 10.0; Win64; x64) AppleWebKit/537.36 (KHTML, like Gecko) Chrome/84.0.4147.135 Safari/537.36"
::1 - - [28/Aug/2020:18:39:57 +0000] "GET /socket.io/?EIO=3&transport=polling&t=NGsNeAT HTTP/1.1" 404 149 "http://localhost:8000/" "Mozilla/5.0 (Windows NT 10.0; Win64; x64) AppleWebKit/537.36 (KHTML, like Gecko) Chrome/84.0.4147.135 Safari/537.36"
::1 - - [28/Aug/2020:18:40:04 +0000] "GET /socket.io/?EIO=3&transport=polling&t=NGsNftp HTTP/1.1" 404 149 "http://localhost:8000/" "Mozilla/5.0 (Windows NT 10.0; Win64; x64) AppleWebKit/537.36 (KHTML, like Gecko) Chrome/84.0.4147.135 Safari/537.36"
::1 - - [28/Aug/2020:18:40:11 +0000] "GET /socket.io/?EIO=3&transport=polling&t=NGsNhb9 HTTP/1.1" 404 149 "http://localhost:8000/" "Mozilla/5.0 (Windows NT 10.0; Win64; x64) AppleWebKit/537.36 (KHTML, like Gecko) Chrome/84.0.4147.135 Safari/537.36"
::1 - - [28/Aug/2020:18:40:18 +0000] "GET /socket.io/?EIO=3&transport=polling&t=NGsNjIf HTTP/1.1" 404 149 "http://localhost:8000/" "Mozilla/5.0 (Windows NT 10.0; Win64; x64) AppleWebKit/537.36 (KHTML, like Gecko) Chrome/84.0.4147.135 Safari/537.36"
::1 - - [28/Aug/2020:18:40:25 +0000] "GET /socket.io/?EIO=3&transport=polling&t=NGsNl1K HTTP/1.1" 404 149 "http://localhost:8000/" "Mozilla/5.0 (Windows NT 10.0; Win64; x64) AppleWebKit/537.36 (KHTML, like Gecko) Chrome/84.0.4147.135 Safari/537.36"
::1 - - [28/Aug/2020:18:40:32 +0000] "GET /socket.io/?EIO=3&transport=polling&t=NGsNmjL HTTP/1.1" 404 149 "http://localhost:8000/" "Mozilla/5.0 (Windows NT 10.0; Win64; x64) AppleWebKit/537.36 (KHTML, like Gecko) Chrome/84.0.4147.135 Safari/537.36"
::1 - - [28/Aug/2020:18:40:39 +0000] "GET /socket.io/?EIO=3&transport=polling&t=NGsNoQi HTTP/1.1" 404 149 "http://localhost:8000/" "Mozilla/5.0 (Windows NT 10.0; Win64; x64) AppleWebKit/537.36 (KHTML, like Gecko) Chrome/84.0.4147.135 Safari/537.36"
::1 - - [28/Aug/2020:18:40:46 +0000] "GET /socket.io/?EIO=3&transport=polling&t=NGsNq8E HTTP/1.1" 404 149 "http://localhost:8000/" "Mozilla/5.0 (Windows NT 10.0; Win64; x64) AppleWebKit/537.36 (KHTML, like Gecko) Chrome/84.0.4147.135 Safari/537.36"
::1 - - [28/Aug/2020:18:40:53 +0000] "GET /socket.io/?EIO=3&transport=polling&t=NGsNrrQ HTTP/1.1" 404 149 "http://localhost:8000/" "Mozilla/5.0 (Windows NT 10.0; Win64; x64) AppleWebKit/537.36 (KHTML, like Gecko) Chrome/84.0.4147.135 Safari/537.36"
::1 - - [28/Aug/2020:18:41:00 +0000] "GET /socket.io/?EIO=3&transport=polling&t=NGsNtYs HTTP/1.1" 404 149 "http://localhost:8000/" "Mozilla/5.0 (Windows NT 10.0; Win64; x64) AppleWebKit/537.36 (KHTML, like Gecko) Chrome/84.0.4147.135 Safari/537.36"
::1 - - [28/Aug/2020:18:41:07 +0000] "GET /socket.io/?EIO=3&transport=polling&t=NGsNvGA HTTP/1.1" 404 149 "http://localhost:8000/" "Mozilla/5.0 (Windows NT 10.0; Win64; x64) AppleWebKit/537.36 (KHTML, like Gecko) Chrome/84.0.4147.135 Safari/537.36"
::1 - - [28/Aug/2020:18:41:14 +0000] "GET /socket.io/?EIO=3&transport=polling&t=NGsNwzZ HTTP/1.1" 404 149 "http://localhost:8000/" "Mozilla/5.0 (Windows NT 10.0; Win64; x64) AppleWebKit/537.36 (KHTML, like Gecko) Chrome/84.0.4147.135 Safari/537.36"
::1 - - [28/Aug/2020:18:41:21 +0000] "GET /socket.io/?EIO=3&transport=polling&t=NGsNygz HTTP/1.1" 404 149 "http://localhost:8000/" "Mozilla/5.0 (Windows NT 10.0; Win64; x64) AppleWebKit/537.36 (KHTML, like Gecko) Chrome/84.0.4147.135 Safari/537.36"
::1 - - [28/Aug/2020:18:41:28 +0000] "GET /socket.io/?EIO=3&transport=polling&t=NGsN-OH HTTP/1.1" 404 149 "http://localhost:8000/" "Mozilla/5.0 (Windows NT 10.0; Win64; x64) AppleWebKit/537.36 (KHTML, like Gecko) Chrome/84.0.4147.135 Safari/537.36"
::1 - - [28/Aug/2020:18:41:35 +0000] "GET /socket.io/?EIO=3&transport=polling&t=NGsO05q HTTP/1.1" 404 149 "http://localhost:8000/" "Mozilla/5.0 (Windows NT 10.0; Win64; x64) AppleWebKit/537.36 (KHTML, like Gecko) Chrome/84.0.4147.135 Safari/537.36"
::1 - - [28/Aug/2020:18:41:42 +0000] "GET /socket.io/?EIO=3&transport=polling&t=NGsO1p2 HTTP/1.1" 404 149 "http://localhost:8000/" "Mozilla/5.0 (Windows NT 10.0; Win64; x64) AppleWebKit/537.36 (KHTML, like Gecko) Chrome/84.0.4147.135 Safari/537.36"
::1 - - [28/Aug/2020:18:41:49 +0000] "GET /socket.io/?EIO=3&transport=polling&t=NGsO3WP HTTP/1.1" 404 149 "http://localhost:8000/" "Mozilla/5.0 (Windows NT 10.0; Win64; x64) AppleWebKit/537.36 (KHTML, like Gecko) Chrome/84.0.4147.135 Safari/537.36"
::1 - - [28/Aug/2020:18:41:56 +0000] "GET /socket.io/?EIO=3&transport=polling&t=NGsO5Dz HTTP/1.1" 404 149 "http://localhost:8000/" "Mozilla/5.0 (Windows NT 10.0; Win64; x64) AppleWebKit/537.36 (KHTML, like Gecko) Chrome/84.0.4147.135 Safari/537.36"
::1 - - [28/Aug/2020:18:42:03 +0000] "GET /socket.io/?EIO=3&transport=polling&t=NGsO6p- HTTP/1.1" 404 149 "http://localhost:8000/" "Mozilla/5.0 (Windows NT 10.0; Win64; x64) AppleWebKit/537.36 (KHTML, like Gecko) Chrome/84.0.4147.135 Safari/537.36"
::1 - - [28/Aug/2020:18:42:08 +0000] "GET /socket.io/?EIO=3&transport=polling&t=NGsO89l HTTP/1.1" 404 149 "http://localhost:8000/" "Mozilla/5.0 (Windows NT 10.0; Win64; x64) AppleWebKit/537.36 (KHTML, like Gecko) Chrome/84.0.4147.135 Safari/537.36"
::1 - - [28/Aug/2020:18:42:15 +0000] "GET /socket.io/?EIO=3&transport=polling&t=NGsO9sw HTTP/1.1" 404 149 "http://localhost:8000/" "Mozilla/5.0 (Windows NT 10.0; Win64; x64) AppleWebKit/537.36 (KHTML, like Gecko) Chrome/84.0.4147.135 Safari/537.36"
::1 - - [28/Aug/2020:18:42:22 +0000] "GET /socket.io/?EIO=3&transport=polling&t=NGsOBaD HTTP/1.1" 404 149 "http://localhost:8000/" "Mozilla/5.0 (Windows NT 10.0; Win64; x64) AppleWebKit/537.36 (KHTML, like Gecko) Chrome/84.0.4147.135 Safari/537.36"
::1 - - [28/Aug/2020:18:42:29 +0000] "GET /socket.io/?EIO=3&transport=polling&t=NGsODJD HTTP/1.1" 404 149 "http://localhost:8000/" "Mozilla/5.0 (Windows NT 10.0; Win64; x64) AppleWebKit/537.36 (KHTML, like Gecko) Chrome/84.0.4147.135 Safari/537.36"
::1 - - [28/Aug/2020:18:42:36 +0000] "GET /socket.io/?EIO=3&transport=polling&t=NGsOE-o HTTP/1.1" 404 149 "http://localhost:8000/" "Mozilla/5.0 (Windows NT 10.0; Win64; x64) AppleWebKit/537.36 (KHTML, like Gecko) Chrome/84.0.4147.135 Safari/537.36"
::1 - - [28/Aug/2020:18:42:43 +0000] "GET /socket.io/?EIO=3&transport=polling&t=NGsOGiF HTTP/1.1" 404 149 "http://localhost:8000/" "Mozilla/5.0 (Windows NT 10.0; Win64; x64) AppleWebKit/537.36 (KHTML, like Gecko) Chrome/84.0.4147.135 Safari/537.36"
::1 - - [28/Aug/2020:18:42:50 +0000] "GET /socket.io/?EIO=3&transport=polling&t=NGsOIRD HTTP/1.1" 404 149 "http://localhost:8000/" "Mozilla/5.0 (Windows NT 10.0; Win64; x64) AppleWebKit/537.36 (KHTML, like Gecko) Chrome/84.0.4147.135 Safari/537.36"
::1 - - [28/Aug/2020:18:42:57 +0000] "GET /socket.io/?EIO=3&transport=polling&t=NGsOK74 HTTP/1.1" 404 149 "http://localhost:8000/" "Mozilla/5.0 (Windows NT 10.0; Win64; x64) AppleWebKit/537.36 (KHTML, like Gecko) Chrome/84.0.4147.135 Safari/537.36"
::1 - - [28/Aug/2020:18:43:04 +0000] "GET /socket.io/?EIO=3&transport=polling&t=NGsOLqS HTTP/1.1" 404 149 "http://localhost:8000/" "Mozilla/5.0 (Windows NT 10.0; Win64; x64) AppleWebKit/537.36 (KHTML, like Gecko) Chrome/84.0.4147.135 Safari/537.36"
::1 - - [28/Aug/2020:18:43:11 +0000] "GET /socket.io/?EIO=3&transport=polling&t=NGsONXt HTTP/1.1" 404 149 "http://localhost:8000/" "Mozilla/5.0 (Windows NT 10.0; Win64; x64) AppleWebKit/537.36 (KHTML, like Gecko) Chrome/84.0.4147.135 Safari/537.36"
::1 - - [28/Aug/2020:18:43:18 +0000] "GET /socket.io/?EIO=3&transport=polling&t=NGsOPF1 HTTP/1.1" 404 149 "http://localhost:8000/" "Mozilla/5.0 (Windows NT 10.0; Win64; x64) AppleWebKit/537.36 (KHTML, like Gecko) Chrome/84.0.4147.135 Safari/537.36"
::1 - - [28/Aug/2020:18:43:25 +0000] "GET /socket.io/?EIO=3&transport=polling&t=NGsOQyT HTTP/1.1" 404 149 "http://localhost:8000/" "Mozilla/5.0 (Windows NT 10.0; Win64; x64) AppleWebKit/537.36 (KHTML, like Gecko) Chrome/84.0.4147.135 Safari/537.36"
::1 - - [28/Aug/2020:18:43:32 +0000] "GET /socket.io/?EIO=3&transport=polling&t=NGsOSfq HTTP/1.1" 404 149 "http://localhost:8000/" "Mozilla/5.0 (Windows NT 10.0; Win64; x64) AppleWebKit/537.36 (KHTML, like Gecko) Chrome/84.0.4147.135 Safari/537.36"
::1 - - [28/Aug/2020:18:43:39 +0000] "GET /socket.io/?EIO=3&transport=polling&t=NGsOUNC HTTP/1.1" 404 149 "http://localhost:8000/" "Mozilla/5.0 (Windows NT 10.0; Win64; x64) AppleWebKit/537.36 (KHTML, like Gecko) Chrome/84.0.4147.135 Safari/537.36"
::1 - - [28/Aug/2020:18:43:46 +0000] "GET /socket.io/?EIO=3&transport=polling&t=NGsOW4X HTTP/1.1" 404 149 "http://localhost:8000/" "Mozilla/5.0 (Windows NT 10.0; Win64; x64) AppleWebKit/537.36 (KHTML, like Gecko) Chrome/84.0.4147.135 Safari/537.36"
::1 - - [28/Aug/2020:18:43:53 +0000] "GET /socket.io/?EIO=3&transport=polling&t=NGsOXoX HTTP/1.1" 404 149 "http://localhost:8000/" "Mozilla/5.0 (Windows NT 10.0; Win64; x64) AppleWebKit/537.36 (KHTML, like Gecko) Chrome/84.0.4147.135 Safari/537.36"
::1 - - [28/Aug/2020:18:44:00 +0000] "GET /socket.io/?EIO=3&transport=polling&t=NGsOZVQ HTTP/1.1" 404 149 "http://localhost:8000/" "Mozilla/5.0 (Windows NT 10.0; Win64; x64) AppleWebKit/537.36 (KHTML, like Gecko) Chrome/84.0.4147.135 Safari/537.36"
::1 - - [28/Aug/2020:18:44:07 +0000] "GET /socket.io/?EIO=3&transport=polling&t=NGsObCf HTTP/1.1" 404 149 "http://localhost:8000/" "Mozilla/5.0 (Windows NT 10.0; Win64; x64) AppleWebKit/537.36 (KHTML, like Gecko) Chrome/84.0.4147.135 Safari/537.36"
::1 - - [28/Aug/2020:18:44:14 +0000] "GET /socket.io/?EIO=3&transport=polling&t=NGsOcw1 HTTP/1.1" 404 149 "http://localhost:8000/" "Mozilla/5.0 (Windows NT 10.0; Win64; x64) AppleWebKit/537.36 (KHTML, like Gecko) Chrome/84.0.4147.135 Safari/537.36"
::1 - - [28/Aug/2020:18:44:21 +0000] "GET /socket.io/?EIO=3&transport=polling&t=NGsOee_ HTTP/1.1" 404 149 "http://localhost:8000/" "Mozilla/5.0 (Windows NT 10.0; Win64; x64) AppleWebKit/537.36 (KHTML, like Gecko) Chrome/84.0.4147.135 Safari/537.36"
::1 - - [28/Aug/2020:18:44:28 +0000] "GET /socket.io/?EIO=3&transport=polling&t=NGsOgKo HTTP/1.1" 404 149 "http://localhost:8000/" "Mozilla/5.0 (Windows NT 10.0; Win64; x64) AppleWebKit/537.36 (KHTML, like Gecko) Chrome/84.0.4147.135 Safari/537.36"
::1 - - [28/Aug/2020:18:44:35 +0000] "GET /socket.io/?EIO=3&transport=polling&t=NGsOi2E HTTP/1.1" 404 149 "http://localhost:8000/" "Mozilla/5.0 (Windows NT 10.0; Win64; x64) AppleWebKit/537.36 (KHTML, like Gecko) Chrome/84.0.4147.135 Safari/537.36"
::1 - - [28/Aug/2020:18:44:42 +0000] "GET /socket.io/?EIO=3&transport=polling&t=NGsOjlh HTTP/1.1" 404 149 "http://localhost:8000/" "Mozilla/5.0 (Windows NT 10.0; Win64; x64) AppleWebKit/537.36 (KHTML, like Gecko) Chrome/84.0.4147.135 Safari/537.36"
::1 - - [28/Aug/2020:18:44:49 +0000] "GET /socket.io/?EIO=3&transport=polling&t=NGsOlT1 HTTP/1.1" 404 149 "http://localhost:8000/" "Mozilla/5.0 (Windows NT 10.0; Win64; x64) AppleWebKit/537.36 (KHTML, like Gecko) Chrome/84.0.4147.135 Safari/537.36"
::1 - - [28/Aug/2020:18:44:56 +0000] "GET /socket.io/?EIO=3&transport=polling&t=NGsOnAg HTTP/1.1" 404 149 "http://localhost:8000/" "Mozilla/5.0 (Windows NT 10.0; Win64; x64) AppleWebKit/537.36 (KHTML, like Gecko) Chrome/84.0.4147.135 Safari/537.36"
::1 - - [28/Aug/2020:18:45:03 +0000] "GET /socket.io/?EIO=3&transport=polling&t=NGsOotr HTTP/1.1" 404 149 "http://localhost:8000/" "Mozilla/5.0 (Windows NT 10.0; Win64; x64) AppleWebKit/537.36 (KHTML, like Gecko) Chrome/84.0.4147.135 Safari/537.36"
::1 - - [28/Aug/2020:18:45:10 +0000] "GET /socket.io/?EIO=3&transport=polling&t=NGsOqbH HTTP/1.1" 404 149 "http://localhost:8000/" "Mozilla/5.0 (Windows NT 10.0; Win64; x64) AppleWebKit/537.36 (KHTML, like Gecko) Chrome/84.0.4147.135 Safari/537.36"
::1 - - [28/Aug/2020:18:45:17 +0000] "GET /socket.io/?EIO=3&transport=polling&t=NGsOsIS HTTP/1.1" 404 149 "http://localhost:8000/" "Mozilla/5.0 (Windows NT 10.0; Win64; x64) AppleWebKit/537.36 (KHTML, like Gecko) Chrome/84.0.4147.135 Safari/537.36"
::1 - - [28/Aug/2020:18:45:24 +0000] "GET /socket.io/?EIO=3&transport=polling&t=NGsOu34 HTTP/1.1" 404 149 "http://localhost:8000/" "Mozilla/5.0 (Windows NT 10.0; Win64; x64) AppleWebKit/537.36 (KHTML, like Gecko) Chrome/84.0.4147.135 Safari/537.36"
::1 - - [28/Aug/2020:18:45:31 +0000] "GET /socket.io/?EIO=3&transport=polling&t=NGsOvjB HTTP/1.1" 404 149 "http://localhost:8000/" "Mozilla/5.0 (Windows NT 10.0; Win64; x64) AppleWebKit/537.36 (KHTML, like Gecko) Chrome/84.0.4147.135 Safari/537.36"
::1 - - [28/Aug/2020:18:45:38 +0000] "GET /socket.io/?EIO=3&transport=polling&t=NGsOxQd HTTP/1.1" 404 149 "http://localhost:8000/" "Mozilla/5.0 (Windows NT 10.0; Win64; x64) AppleWebKit/537.36 (KHTML, like Gecko) Chrome/84.0.4147.135 Safari/537.36"
::1 - - [28/Aug/2020:18:45:45 +0000] "GET /socket.io/?EIO=3&transport=polling&t=NGsOz8R HTTP/1.1" 404 149 "http://localhost:8000/" "Mozilla/5.0 (Windows NT 10.0; Win64; x64) AppleWebKit/537.36 (KHTML, like Gecko) Chrome/84.0.4147.135 Safari/537.36"
::1 - - [28/Aug/2020:18:45:52 +0000] "GET /socket.io/?EIO=3&transport=polling&t=NGsO-rO HTTP/1.1" 404 149 "http://localhost:8000/" "Mozilla/5.0 (Windows NT 10.0; Win64; x64) AppleWebKit/537.36 (KHTML, like Gecko) Chrome/84.0.4147.135 Safari/537.36"
::1 - - [28/Aug/2020:18:45:59 +0000] "GET /socket.io/?EIO=3&transport=polling&t=NGsP0Ye HTTP/1.1" 404 149 "http://localhost:8000/" "Mozilla/5.0 (Windows NT 10.0; Win64; x64) AppleWebKit/537.36 (KHTML, like Gecko) Chrome/84.0.4147.135 Safari/537.36"
::1 - - [28/Aug/2020:18:46:06 +0000] "GET /socket.io/?EIO=3&transport=polling&t=NGsP2GW HTTP/1.1" 404 149 "http://localhost:8000/" "Mozilla/5.0 (Windows NT 10.0; Win64; x64) AppleWebKit/537.36 (KHTML, like Gecko) Chrome/84.0.4147.135 Safari/537.36"
::1 - - [28/Aug/2020:18:46:13 +0000] "GET /socket.io/?EIO=3&transport=polling&t=NGsP3_4 HTTP/1.1" 404 149 "http://localhost:8000/" "Mozilla/5.0 (Windows NT 10.0; Win64; x64) AppleWebKit/537.36 (KHTML, like Gecko) Chrome/84.0.4147.135 Safari/537.36"
::1 - - [28/Aug/2020:18:46:20 +0000] "GET /socket.io/?EIO=3&transport=polling&t=NGsP5hB HTTP/1.1" 404 149 "http://localhost:8000/" "Mozilla/5.0 (Windows NT 10.0; Win64; x64) AppleWebKit/537.36 (KHTML, like Gecko) Chrome/84.0.4147.135 Safari/537.36"
::1 - - [28/Aug/2020:18:46:27 +0000] "GET /socket.io/?EIO=3&transport=polling&t=NGsP7OC HTTP/1.1" 404 149 "http://localhost:8000/" "Mozilla/5.0 (Windows NT 10.0; Win64; x64) AppleWebKit/537.36 (KHTML, like Gecko) Chrome/84.0.4147.135 Safari/537.36"
::1 - - [28/Aug/2020:18:46:34 +0000] "GET /socket.io/?EIO=3&transport=polling&t=NGsP95c HTTP/1.1" 404 149 "http://localhost:8000/" "Mozilla/5.0 (Windows NT 10.0; Win64; x64) AppleWebKit/537.36 (KHTML, like Gecko) Chrome/84.0.4147.135 Safari/537.36"
::1 - - [28/Aug/2020:18:46:41 +0000] "GET /socket.io/?EIO=3&transport=polling&t=NGsPAox HTTP/1.1" 404 149 "http://localhost:8000/" "Mozilla/5.0 (Windows NT 10.0; Win64; x64) AppleWebKit/537.36 (KHTML, like Gecko) Chrome/84.0.4147.135 Safari/537.36"
::1 - - [28/Aug/2020:18:46:48 +0000] "GET /socket.io/?EIO=3&transport=polling&t=NGsPCWP HTTP/1.1" 404 149 "http://localhost:8000/" "Mozilla/5.0 (Windows NT 10.0; Win64; x64) AppleWebKit/537.36 (KHTML, like Gecko) Chrome/84.0.4147.135 Safari/537.36"
::1 - - [28/Aug/2020:18:46:55 +0000] "GET /socket.io/?EIO=3&transport=polling&t=NGsPEDl HTTP/1.1" 404 149 "http://localhost:8000/" "Mozilla/5.0 (Windows NT 10.0; Win64; x64) AppleWebKit/537.36 (KHTML, like Gecko) Chrome/84.0.4147.135 Safari/537.36"
::1 - - [28/Aug/2020:18:47:02 +0000] "GET /socket.io/?EIO=3&transport=polling&t=NGsPFz6 HTTP/1.1" 404 149 "http://localhost:8000/" "Mozilla/5.0 (Windows NT 10.0; Win64; x64) AppleWebKit/537.36 (KHTML, like Gecko) Chrome/84.0.4147.135 Safari/537.36"
::1 - - [28/Aug/2020:18:47:09 +0000] "GET /socket.io/?EIO=3&transport=polling&t=NGsPHeP HTTP/1.1" 404 149 "http://localhost:8000/" "Mozilla/5.0 (Windows NT 10.0; Win64; x64) AppleWebKit/537.36 (KHTML, like Gecko) Chrome/84.0.4147.135 Safari/537.36"
::1 - - [28/Aug/2020:18:47:16 +0000] "GET /socket.io/?EIO=3&transport=polling&t=NGsPJM3 HTTP/1.1" 404 149 "http://localhost:8000/" "Mozilla/5.0 (Windows NT 10.0; Win64; x64) AppleWebKit/537.36 (KHTML, like Gecko) Chrome/84.0.4147.135 Safari/537.36"
::1 - - [28/Aug/2020:18:47:23 +0000] "GET /socket.io/?EIO=3&transport=polling&t=NGsPL3E HTTP/1.1" 404 149 "http://localhost:8000/" "Mozilla/5.0 (Windows NT 10.0; Win64; x64) AppleWebKit/537.36 (KHTML, like Gecko) Chrome/84.0.4147.135 Safari/537.36"
::1 - - [28/Aug/2020:18:47:30 +0000] "GET /socket.io/?EIO=3&transport=polling&t=NGsPMn1 HTTP/1.1" 404 149 "http://localhost:8000/" "Mozilla/5.0 (Windows NT 10.0; Win64; x64) AppleWebKit/537.36 (KHTML, like Gecko) Chrome/84.0.4147.135 Safari/537.36"
::1 - - [28/Aug/2020:18:47:37 +0000] "GET /socket.io/?EIO=3&transport=polling&t=NGsPOT- HTTP/1.1" 404 149 "http://localhost:8000/" "Mozilla/5.0 (Windows NT 10.0; Win64; x64) AppleWebKit/537.36 (KHTML, like Gecko) Chrome/84.0.4147.135 Safari/537.36"
::1 - - [28/Aug/2020:18:47:44 +0000] "GET /socket.io/?EIO=3&transport=polling&t=NGsPQBL HTTP/1.1" 404 149 "http://localhost:8000/" "Mozilla/5.0 (Windows NT 10.0; Win64; x64) AppleWebKit/537.36 (KHTML, like Gecko) Chrome/84.0.4147.135 Safari/537.36"
::1 - - [28/Aug/2020:18:47:51 +0000] "GET /socket.io/?EIO=3&transport=polling&t=NGsPRuf HTTP/1.1" 404 149 "http://localhost:8000/" "Mozilla/5.0 (Windows NT 10.0; Win64; x64) AppleWebKit/537.36 (KHTML, like Gecko) Chrome/84.0.4147.135 Safari/537.36"
::1 - - [28/Aug/2020:18:47:58 +0000] "GET /socket.io/?EIO=3&transport=polling&t=NGsPTc1 HTTP/1.1" 404 149 "http://localhost:8000/" "Mozilla/5.0 (Windows NT 10.0; Win64; x64) AppleWebKit/537.36 (KHTML, like Gecko) Chrome/84.0.4147.135 Safari/537.36"
::1 - - [28/Aug/2020:18:48:05 +0000] "GET /socket.io/?EIO=3&transport=polling&t=NGsPVJv HTTP/1.1" 404 149 "http://localhost:8000/" "Mozilla/5.0 (Windows NT 10.0; Win64; x64) AppleWebKit/537.36 (KHTML, like Gecko) Chrome/84.0.4147.135 Safari/537.36"
::1 - - [28/Aug/2020:18:48:12 +0000] "GET /socket.io/?EIO=3&transport=polling&t=NGsPX1G HTTP/1.1" 404 149 "http://localhost:8000/" "Mozilla/5.0 (Windows NT 10.0; Win64; x64) AppleWebKit/537.36 (KHTML, like Gecko) Chrome/84.0.4147.135 Safari/537.36"
::1 - - [28/Aug/2020:18:48:19 +0000] "GET /socket.io/?EIO=3&transport=polling&t=NGsPYkA HTTP/1.1" 404 149 "http://localhost:8000/" "Mozilla/5.0 (Windows NT 10.0; Win64; x64) AppleWebKit/537.36 (KHTML, like Gecko) Chrome/84.0.4147.135 Safari/537.36"
::1 - - [28/Aug/2020:18:48:26 +0000] "GET /socket.io/?EIO=3&transport=polling&t=NGsPaRZ HTTP/1.1" 404 149 "http://localhost:8000/" "Mozilla/5.0 (Windows NT 10.0; Win64; x64) AppleWebKit/537.36 (KHTML, like Gecko) Chrome/84.0.4147.135 Safari/537.36"
::1 - - [28/Aug/2020:18:48:33 +0000] "GET /socket.io/?EIO=3&transport=polling&t=NGsPc8w HTTP/1.1" 404 149 "http://localhost:8000/" "Mozilla/5.0 (Windows NT 10.0; Win64; x64) AppleWebKit/537.36 (KHTML, like Gecko) Chrome/84.0.4147.135 Safari/537.36"
::1 - - [28/Aug/2020:18:48:40 +0000] "GET /socket.io/?EIO=3&transport=polling&t=NGsPdsK HTTP/1.1" 404 149 "http://localhost:8000/" "Mozilla/5.0 (Windows NT 10.0; Win64; x64) AppleWebKit/537.36 (KHTML, like Gecko) Chrome/84.0.4147.135 Safari/537.36"
::1 - - [28/Aug/2020:18:48:47 +0000] "GET /socket.io/?EIO=3&transport=polling&t=NGsPfZg HTTP/1.1" 404 149 "http://localhost:8000/" "Mozilla/5.0 (Windows NT 10.0; Win64; x64) AppleWebKit/537.36 (KHTML, like Gecko) Chrome/84.0.4147.135 Safari/537.36"
::1 - - [28/Aug/2020:18:48:55 +0000] "GET /socket.io/?EIO=3&transport=polling&t=NGsPhNo HTTP/1.1" 404 149 "http://localhost:8000/" "Mozilla/5.0 (Windows NT 10.0; Win64; x64) AppleWebKit/537.36 (KHTML, like Gecko) Chrome/84.0.4147.135 Safari/537.36"
::1 - - [28/Aug/2020:18:49:01 +0000] "GET /socket.io/?EIO=3&transport=polling&t=NGsPi-u HTTP/1.1" 404 149 "http://localhost:8000/" "Mozilla/5.0 (Windows NT 10.0; Win64; x64) AppleWebKit/537.36 (KHTML, like Gecko) Chrome/84.0.4147.135 Safari/537.36"
::1 - - [28/Aug/2020:18:49:08 +0000] "GET /socket.io/?EIO=3&transport=polling&t=NGsPkhy HTTP/1.1" 404 149 "http://localhost:8000/" "Mozilla/5.0 (Windows NT 10.0; Win64; x64) AppleWebKit/537.36 (KHTML, like Gecko) Chrome/84.0.4147.135 Safari/537.36"
::1 - - [28/Aug/2020:18:49:15 +0000] "GET /socket.io/?EIO=3&transport=polling&t=NGsPmPC HTTP/1.1" 404 149 "http://localhost:8000/" "Mozilla/5.0 (Windows NT 10.0; Win64; x64) AppleWebKit/537.36 (KHTML, like Gecko) Chrome/84.0.4147.135 Safari/537.36"
::1 - - [28/Aug/2020:18:49:22 +0000] "GET /socket.io/?EIO=3&transport=polling&t=NGsPo6X HTTP/1.1" 404 149 "http://localhost:8000/" "Mozilla/5.0 (Windows NT 10.0; Win64; x64) AppleWebKit/537.36 (KHTML, like Gecko) Chrome/84.0.4147.135 Safari/537.36"
::1 - - [28/Aug/2020:18:49:29 +0000] "GET /socket.io/?EIO=3&transport=polling&t=NGsPpp- HTTP/1.1" 404 149 "http://localhost:8000/" "Mozilla/5.0 (Windows NT 10.0; Win64; x64) AppleWebKit/537.36 (KHTML, like Gecko) Chrome/84.0.4147.135 Safari/537.36"
::1 - - [28/Aug/2020:18:49:36 +0000] "GET /socket.io/?EIO=3&transport=polling&t=NGsPrXJ HTTP/1.1" 404 149 "http://localhost:8000/" "Mozilla/5.0 (Windows NT 10.0; Win64; x64) AppleWebKit/537.36 (KHTML, like Gecko) Chrome/84.0.4147.135 Safari/537.36"
::1 - - [28/Aug/2020:18:49:43 +0000] "GET /socket.io/?EIO=3&transport=polling&t=NGsPtEf HTTP/1.1" 404 149 "http://localhost:8000/" "Mozilla/5.0 (Windows NT 10.0; Win64; x64) AppleWebKit/537.36 (KHTML, like Gecko) Chrome/84.0.4147.135 Safari/537.36"
::1 - - [28/Aug/2020:18:49:50 +0000] "GET /socket.io/?EIO=3&transport=polling&t=NGsPuy1 HTTP/1.1" 404 149 "http://localhost:8000/" "Mozilla/5.0 (Windows NT 10.0; Win64; x64) AppleWebKit/537.36 (KHTML, like Gecko) Chrome/84.0.4147.135 Safari/537.36"
::1 - - [28/Aug/2020:18:49:57 +0000] "GET /socket.io/?EIO=3&transport=polling&t=NGsPwfR HTTP/1.1" 404 149 "http://localhost:8000/" "Mozilla/5.0 (Windows NT 10.0; Win64; x64) AppleWebKit/537.36 (KHTML, like Gecko) Chrome/84.0.4147.135 Safari/537.36"
::1 - - [28/Aug/2020:18:50:04 +0000] "GET /socket.io/?EIO=3&transport=polling&t=NGsPyMn HTTP/1.1" 404 149 "http://localhost:8000/" "Mozilla/5.0 (Windows NT 10.0; Win64; x64) AppleWebKit/537.36 (KHTML, like Gecko) Chrome/84.0.4147.135 Safari/537.36"
::1 - - [28/Aug/2020:18:50:11 +0000] "GET /socket.io/?EIO=3&transport=polling&t=NGsP-4U HTTP/1.1" 404 149 "http://localhost:8000/" "Mozilla/5.0 (Windows NT 10.0; Win64; x64) AppleWebKit/537.36 (KHTML, like Gecko) Chrome/84.0.4147.135 Safari/537.36"
::1 - - [28/Aug/2020:18:50:18 +0000] "GET /socket.io/?EIO=3&transport=polling&t=NGsP_o2 HTTP/1.1" 404 149 "http://localhost:8000/" "Mozilla/5.0 (Windows NT 10.0; Win64; x64) AppleWebKit/537.36 (KHTML, like Gecko) Chrome/84.0.4147.135 Safari/537.36"
::1 - - [28/Aug/2020:18:50:25 +0000] "GET /socket.io/?EIO=3&transport=polling&t=NGsQ1Uv HTTP/1.1" 404 149 "http://localhost:8000/" "Mozilla/5.0 (Windows NT 10.0; Win64; x64) AppleWebKit/537.36 (KHTML, like Gecko) Chrome/84.0.4147.135 Safari/537.36"
::1 - - [28/Aug/2020:18:50:32 +0000] "GET /socket.io/?EIO=3&transport=polling&t=NGsQ3Cu HTTP/1.1" 404 149 "http://localhost:8000/" "Mozilla/5.0 (Windows NT 10.0; Win64; x64) AppleWebKit/537.36 (KHTML, like Gecko) Chrome/84.0.4147.135 Safari/537.36"
::1 - - [28/Aug/2020:18:50:39 +0000] "GET /socket.io/?EIO=3&transport=polling&t=NGsQ4w0 HTTP/1.1" 404 149 "http://localhost:8000/" "Mozilla/5.0 (Windows NT 10.0; Win64; x64) AppleWebKit/537.36 (KHTML, like Gecko) Chrome/84.0.4147.135 Safari/537.36"
::1 - - [28/Aug/2020:18:50:46 +0000] "GET /socket.io/?EIO=3&transport=polling&t=NGsQ6dC HTTP/1.1" 404 149 "http://localhost:8000/" "Mozilla/5.0 (Windows NT 10.0; Win64; x64) AppleWebKit/537.36 (KHTML, like Gecko) Chrome/84.0.4147.135 Safari/537.36"
::1 - - [28/Aug/2020:18:50:53 +0000] "GET /socket.io/?EIO=3&transport=polling&t=NGsQ8KT HTTP/1.1" 404 149 "http://localhost:8000/" "Mozilla/5.0 (Windows NT 10.0; Win64; x64) AppleWebKit/537.36 (KHTML, like Gecko) Chrome/84.0.4147.135 Safari/537.36"
::1 - - [28/Aug/2020:18:51:00 +0000] "GET /socket.io/?EIO=3&transport=polling&t=NGsQA1o HTTP/1.1" 404 149 "http://localhost:8000/" "Mozilla/5.0 (Windows NT 10.0; Win64; x64) AppleWebKit/537.36 (KHTML, like Gecko) Chrome/84.0.4147.135 Safari/537.36"
::1 - - [28/Aug/2020:18:51:07 +0000] "GET /socket.io/?EIO=3&transport=polling&t=NGsQBlG HTTP/1.1" 404 149 "http://localhost:8000/" "Mozilla/5.0 (Windows NT 10.0; Win64; x64) AppleWebKit/537.36 (KHTML, like Gecko) Chrome/84.0.4147.135 Safari/537.36"
::1 - - [28/Aug/2020:18:51:14 +0000] "GET /socket.io/?EIO=3&transport=polling&t=NGsQDSY HTTP/1.1" 404 149 "http://localhost:8000/" "Mozilla/5.0 (Windows NT 10.0; Win64; x64) AppleWebKit/537.36 (KHTML, like Gecko) Chrome/84.0.4147.135 Safari/537.36"
::1 - - [28/Aug/2020:18:51:21 +0000] "GET /socket.io/?EIO=3&transport=polling&t=NGsQF9_ HTTP/1.1" 404 149 "http://localhost:8000/" "Mozilla/5.0 (Windows NT 10.0; Win64; x64) AppleWebKit/537.36 (KHTML, like Gecko) Chrome/84.0.4147.135 Safari/537.36"
::1 - - [28/Aug/2020:18:51:28 +0000] "GET /socket.io/?EIO=3&transport=polling&t=NGsQGtc HTTP/1.1" 404 149 "http://localhost:8000/" "Mozilla/5.0 (Windows NT 10.0; Win64; x64) AppleWebKit/537.36 (KHTML, like Gecko) Chrome/84.0.4147.135 Safari/537.36"
::1 - - [28/Aug/2020:18:51:35 +0000] "GET /socket.io/?EIO=3&transport=polling&t=NGsQIag HTTP/1.1" 404 149 "http://localhost:8000/" "Mozilla/5.0 (Windows NT 10.0; Win64; x64) AppleWebKit/537.36 (KHTML, like Gecko) Chrome/84.0.4147.135 Safari/537.36"
::1 - - [28/Aug/2020:18:51:42 +0000] "GET /socket.io/?EIO=3&transport=polling&t=NGsQKIO HTTP/1.1" 404 149 "http://localhost:8000/" "Mozilla/5.0 (Windows NT 10.0; Win64; x64) AppleWebKit/537.36 (KHTML, like Gecko) Chrome/84.0.4147.135 Safari/537.36"
::1 - - [28/Aug/2020:18:51:49 +0000] "GET /socket.io/?EIO=3&transport=polling&t=NGsQL_Q HTTP/1.1" 404 149 "http://localhost:8000/" "Mozilla/5.0 (Windows NT 10.0; Win64; x64) AppleWebKit/537.36 (KHTML, like Gecko) Chrome/84.0.4147.135 Safari/537.36"
::1 - - [28/Aug/2020:18:51:56 +0000] "GET /socket.io/?EIO=3&transport=polling&t=NGsQNir HTTP/1.1" 404 149 "http://localhost:8000/" "Mozilla/5.0 (Windows NT 10.0; Win64; x64) AppleWebKit/537.36 (KHTML, like Gecko) Chrome/84.0.4147.135 Safari/537.36"
::1 - - [28/Aug/2020:18:52:03 +0000] "GET /socket.io/?EIO=3&transport=polling&t=NGsQPQD HTTP/1.1" 404 149 "http://localhost:8000/" "Mozilla/5.0 (Windows NT 10.0; Win64; x64) AppleWebKit/537.36 (KHTML, like Gecko) Chrome/84.0.4147.135 Safari/537.36"
::1 - - [28/Aug/2020:18:52:10 +0000] "GET /socket.io/?EIO=3&transport=polling&t=NGsQR7Y HTTP/1.1" 404 149 "http://localhost:8000/" "Mozilla/5.0 (Windows NT 10.0; Win64; x64) AppleWebKit/537.36 (KHTML, like Gecko) Chrome/84.0.4147.135 Safari/537.36"
::1 - - [28/Aug/2020:18:52:17 +0000] "GET /socket.io/?EIO=3&transport=polling&t=NGsQSrO HTTP/1.1" 404 149 "http://localhost:8000/" "Mozilla/5.0 (Windows NT 10.0; Win64; x64) AppleWebKit/537.36 (KHTML, like Gecko) Chrome/84.0.4147.135 Safari/537.36"
::1 - - [28/Aug/2020:18:52:24 +0000] "GET /socket.io/?EIO=3&transport=polling&t=NGsQUYT HTTP/1.1" 404 149 "http://localhost:8000/" "Mozilla/5.0 (Windows NT 10.0; Win64; x64) AppleWebKit/537.36 (KHTML, like Gecko) Chrome/84.0.4147.135 Safari/537.36"
::1 - - [28/Aug/2020:18:52:31 +0000] "GET /socket.io/?EIO=3&transport=polling&t=NGsQWGz HTTP/1.1" 404 149 "http://localhost:8000/" "Mozilla/5.0 (Windows NT 10.0; Win64; x64) AppleWebKit/537.36 (KHTML, like Gecko) Chrome/84.0.4147.135 Safari/537.36"
::1 - - [28/Aug/2020:18:52:38 +0000] "GET /socket.io/?EIO=3&transport=polling&t=NGsQXzv HTTP/1.1" 404 149 "http://localhost:8000/" "Mozilla/5.0 (Windows NT 10.0; Win64; x64) AppleWebKit/537.36 (KHTML, like Gecko) Chrome/84.0.4147.135 Safari/537.36"
::1 - - [28/Aug/2020:18:52:45 +0000] "GET /socket.io/?EIO=3&transport=polling&t=NGsQZgP HTTP/1.1" 404 149 "http://localhost:8000/" "Mozilla/5.0 (Windows NT 10.0; Win64; x64) AppleWebKit/537.36 (KHTML, like Gecko) Chrome/84.0.4147.135 Safari/537.36"
::1 - - [28/Aug/2020:18:52:52 +0000] "GET /socket.io/?EIO=3&transport=polling&t=NGsQbNo HTTP/1.1" 404 149 "http://localhost:8000/" "Mozilla/5.0 (Windows NT 10.0; Win64; x64) AppleWebKit/537.36 (KHTML, like Gecko) Chrome/84.0.4147.135 Safari/537.36"
::1 - - [28/Aug/2020:18:52:59 +0000] "GET /socket.io/?EIO=3&transport=polling&t=NGsQd5N HTTP/1.1" 404 149 "http://localhost:8000/" "Mozilla/5.0 (Windows NT 10.0; Win64; x64) AppleWebKit/537.36 (KHTML, like Gecko) Chrome/84.0.4147.135 Safari/537.36"
::1 - - [28/Aug/2020:18:53:06 +0000] "GET /socket.io/?EIO=3&transport=polling&t=NGsQeoc HTTP/1.1" 404 149 "http://localhost:8000/" "Mozilla/5.0 (Windows NT 10.0; Win64; x64) AppleWebKit/537.36 (KHTML, like Gecko) Chrome/84.0.4147.135 Safari/537.36"
::1 - - [28/Aug/2020:18:53:13 +0000] "GET /socket.io/?EIO=3&transport=polling&t=NGsQgWA HTTP/1.1" 404 149 "http://localhost:8000/" "Mozilla/5.0 (Windows NT 10.0; Win64; x64) AppleWebKit/537.36 (KHTML, like Gecko) Chrome/84.0.4147.135 Safari/537.36"
::1 - - [28/Aug/2020:18:53:20 +0000] "GET /socket.io/?EIO=3&transport=polling&t=NGsQiDH HTTP/1.1" 404 149 "http://localhost:8000/" "Mozilla/5.0 (Windows NT 10.0; Win64; x64) AppleWebKit/537.36 (KHTML, like Gecko) Chrome/84.0.4147.135 Safari/537.36"
::1 - - [28/Aug/2020:18:53:27 +0000] "GET /socket.io/?EIO=3&transport=polling&t=NGsQjwh HTTP/1.1" 404 149 "http://localhost:8000/" "Mozilla/5.0 (Windows NT 10.0; Win64; x64) AppleWebKit/537.36 (KHTML, like Gecko) Chrome/84.0.4147.135 Safari/537.36"
::1 - - [28/Aug/2020:18:53:34 +0000] "GET /socket.io/?EIO=3&transport=polling&t=NGsQle2 HTTP/1.1" 404 149 "http://localhost:8000/" "Mozilla/5.0 (Windows NT 10.0; Win64; x64) AppleWebKit/537.36 (KHTML, like Gecko) Chrome/84.0.4147.135 Safari/537.36"
::1 - - [28/Aug/2020:18:53:41 +0000] "GET /socket.io/?EIO=3&transport=polling&t=NGsQnM3 HTTP/1.1" 404 149 "http://localhost:8000/" "Mozilla/5.0 (Windows NT 10.0; Win64; x64) AppleWebKit/537.36 (KHTML, like Gecko) Chrome/84.0.4147.135 Safari/537.36"
::1 - - [28/Aug/2020:18:53:48 +0000] "GET /socket.io/?EIO=3&transport=polling&t=NGsQp2x HTTP/1.1" 404 149 "http://localhost:8000/" "Mozilla/5.0 (Windows NT 10.0; Win64; x64) AppleWebKit/537.36 (KHTML, like Gecko) Chrome/84.0.4147.135 Safari/537.36"
::1 - - [28/Aug/2020:18:53:55 +0000] "GET /socket.io/?EIO=3&transport=polling&t=NGsQqmB HTTP/1.1" 404 149 "http://localhost:8000/" "Mozilla/5.0 (Windows NT 10.0; Win64; x64) AppleWebKit/537.36 (KHTML, like Gecko) Chrome/84.0.4147.135 Safari/537.36"
::1 - - [28/Aug/2020:18:54:02 +0000] "GET /socket.io/?EIO=3&transport=polling&t=NGsQsTe HTTP/1.1" 404 149 "http://localhost:8000/" "Mozilla/5.0 (Windows NT 10.0; Win64; x64) AppleWebKit/537.36 (KHTML, like Gecko) Chrome/84.0.4147.135 Safari/537.36"
::1 - - [28/Aug/2020:18:54:09 +0000] "GET /socket.io/?EIO=3&transport=polling&t=NGsQuBK HTTP/1.1" 404 149 "http://localhost:8000/" "Mozilla/5.0 (Windows NT 10.0; Win64; x64) AppleWebKit/537.36 (KHTML, like Gecko) Chrome/84.0.4147.135 Safari/537.36"
::1 - - [28/Aug/2020:18:54:16 +0000] "GET /socket.io/?EIO=3&transport=polling&t=NGsQvuu HTTP/1.1" 404 149 "http://localhost:8000/" "Mozilla/5.0 (Windows NT 10.0; Win64; x64) AppleWebKit/537.36 (KHTML, like Gecko) Chrome/84.0.4147.135 Safari/537.36"
::1 - - [28/Aug/2020:18:54:23 +0000] "GET /socket.io/?EIO=3&transport=polling&t=NGsQxb- HTTP/1.1" 404 149 "http://localhost:8000/" "Mozilla/5.0 (Windows NT 10.0; Win64; x64) AppleWebKit/537.36 (KHTML, like Gecko) Chrome/84.0.4147.135 Safari/537.36"
::1 - - [28/Aug/2020:18:54:30 +0000] "GET /socket.io/?EIO=3&transport=polling&t=NGsQzJ2 HTTP/1.1" 404 149 "http://localhost:8000/" "Mozilla/5.0 (Windows NT 10.0; Win64; x64) AppleWebKit/537.36 (KHTML, like Gecko) Chrome/84.0.4147.135 Safari/537.36"
::1 - - [28/Aug/2020:18:54:37 +0000] "GET /socket.io/?EIO=3&transport=polling&t=NGsQ_0T HTTP/1.1" 404 149 "http://localhost:8000/" "Mozilla/5.0 (Windows NT 10.0; Win64; x64) AppleWebKit/537.36 (KHTML, like Gecko) Chrome/84.0.4147.135 Safari/537.36"
::1 - - [28/Aug/2020:18:54:44 +0000] "GET /socket.io/?EIO=3&transport=polling&t=NGsR0ju HTTP/1.1" 404 149 "http://localhost:8000/" "Mozilla/5.0 (Windows NT 10.0; Win64; x64) AppleWebKit/537.36 (KHTML, like Gecko) Chrome/84.0.4147.135 Safari/537.36"
::1 - - [28/Aug/2020:18:54:51 +0000] "GET /socket.io/?EIO=3&transport=polling&t=NGsR2RA HTTP/1.1" 404 149 "http://localhost:8000/" "Mozilla/5.0 (Windows NT 10.0; Win64; x64) AppleWebKit/537.36 (KHTML, like Gecko) Chrome/84.0.4147.135 Safari/537.36"
::1 - - [28/Aug/2020:18:54:58 +0000] "GET /socket.io/?EIO=3&transport=polling&t=NGsR48h HTTP/1.1" 404 149 "http://localhost:8000/" "Mozilla/5.0 (Windows NT 10.0; Win64; x64) AppleWebKit/537.36 (KHTML, like Gecko) Chrome/84.0.4147.135 Safari/537.36"
::1 - - [28/Aug/2020:18:55:05 +0000] "GET /socket.io/?EIO=3&transport=polling&t=NGsR5sg HTTP/1.1" 404 149 "http://localhost:8000/" "Mozilla/5.0 (Windows NT 10.0; Win64; x64) AppleWebKit/537.36 (KHTML, like Gecko) Chrome/84.0.4147.135 Safari/537.36"
::1 - - [28/Aug/2020:18:55:12 +0000] "GET /socket.io/?EIO=3&transport=polling&t=NGsR7ZS HTTP/1.1" 404 149 "http://localhost:8000/" "Mozilla/5.0 (Windows NT 10.0; Win64; x64) AppleWebKit/537.36 (KHTML, like Gecko) Chrome/84.0.4147.135 Safari/537.36"
::1 - - [28/Aug/2020:18:55:19 +0000] "GET /socket.io/?EIO=3&transport=polling&t=NGsR9Gt HTTP/1.1" 404 149 "http://localhost:8000/" "Mozilla/5.0 (Windows NT 10.0; Win64; x64) AppleWebKit/537.36 (KHTML, like Gecko) Chrome/84.0.4147.135 Safari/537.36"
::1 - - [28/Aug/2020:18:55:26 +0000] "GET /socket.io/?EIO=3&transport=polling&t=NGsRA-2 HTTP/1.1" 404 149 "http://localhost:8000/" "Mozilla/5.0 (Windows NT 10.0; Win64; x64) AppleWebKit/537.36 (KHTML, like Gecko) Chrome/84.0.4147.135 Safari/537.36"
::1 - - [28/Aug/2020:18:55:33 +0000] "GET /socket.io/?EIO=3&transport=polling&t=NGsRChR HTTP/1.1" 404 149 "http://localhost:8000/" "Mozilla/5.0 (Windows NT 10.0; Win64; x64) AppleWebKit/537.36 (KHTML, like Gecko) Chrome/84.0.4147.135 Safari/537.36"
::1 - - [28/Aug/2020:18:55:40 +0000] "GET /socket.io/?EIO=3&transport=polling&t=NGsREP8 HTTP/1.1" 404 149 "http://localhost:8000/" "Mozilla/5.0 (Windows NT 10.0; Win64; x64) AppleWebKit/537.36 (KHTML, like Gecko) Chrome/84.0.4147.135 Safari/537.36"
::1 - - [28/Aug/2020:18:55:47 +0000] "GET /socket.io/?EIO=3&transport=polling&t=NGsRG6X HTTP/1.1" 404 149 "http://localhost:8000/" "Mozilla/5.0 (Windows NT 10.0; Win64; x64) AppleWebKit/537.36 (KHTML, like Gecko) Chrome/84.0.4147.135 Safari/537.36"
::1 - - [28/Aug/2020:18:55:54 +0000] "GET /socket.io/?EIO=3&transport=polling&t=NGsRHpc HTTP/1.1" 404 149 "http://localhost:8000/" "Mozilla/5.0 (Windows NT 10.0; Win64; x64) AppleWebKit/537.36 (KHTML, like Gecko) Chrome/84.0.4147.135 Safari/537.36"
::1 - - [28/Aug/2020:18:56:01 +0000] "GET /socket.io/?EIO=3&transport=polling&t=NGsRJXF HTTP/1.1" 404 149 "http://localhost:8000/" "Mozilla/5.0 (Windows NT 10.0; Win64; x64) AppleWebKit/537.36 (KHTML, like Gecko) Chrome/84.0.4147.135 Safari/537.36"
::1 - - [28/Aug/2020:18:56:08 +0000] "GET /socket.io/?EIO=3&transport=polling&t=NGsRLEH HTTP/1.1" 404 149 "http://localhost:8000/" "Mozilla/5.0 (Windows NT 10.0; Win64; x64) AppleWebKit/537.36 (KHTML, like Gecko) Chrome/84.0.4147.135 Safari/537.36"
::1 - - [28/Aug/2020:18:56:15 +0000] "GET /socket.io/?EIO=3&transport=polling&t=NGsRMxj HTTP/1.1" 404 149 "http://localhost:8000/" "Mozilla/5.0 (Windows NT 10.0; Win64; x64) AppleWebKit/537.36 (KHTML, like Gecko) Chrome/84.0.4147.135 Safari/537.36"
::1 - - [28/Aug/2020:18:56:22 +0000] "GET /socket.io/?EIO=3&transport=polling&t=NGsROfI HTTP/1.1" 404 149 "http://localhost:8000/" "Mozilla/5.0 (Windows NT 10.0; Win64; x64) AppleWebKit/537.36 (KHTML, like Gecko) Chrome/84.0.4147.135 Safari/537.36"
::1 - - [28/Aug/2020:18:56:29 +0000] "GET /socket.io/?EIO=3&transport=polling&t=NGsRQMP HTTP/1.1" 404 149 "http://localhost:8000/" "Mozilla/5.0 (Windows NT 10.0; Win64; x64) AppleWebKit/537.36 (KHTML, like Gecko) Chrome/84.0.4147.135 Safari/537.36"
::1 - - [28/Aug/2020:18:56:36 +0000] "GET /socket.io/?EIO=3&transport=polling&t=NGsRS3n HTTP/1.1" 404 149 "http://localhost:8000/" "Mozilla/5.0 (Windows NT 10.0; Win64; x64) AppleWebKit/537.36 (KHTML, like Gecko) Chrome/84.0.4147.135 Safari/537.36"
::1 - - [28/Aug/2020:18:56:43 +0000] "GET /socket.io/?EIO=3&transport=polling&t=NGsRTn9 HTTP/1.1" 404 149 "http://localhost:8000/" "Mozilla/5.0 (Windows NT 10.0; Win64; x64) AppleWebKit/537.36 (KHTML, like Gecko) Chrome/84.0.4147.135 Safari/537.36"
::1 - - [28/Aug/2020:18:56:50 +0000] "GET /socket.io/?EIO=3&transport=polling&t=NGsRVWN HTTP/1.1" 404 149 "http://localhost:8000/" "Mozilla/5.0 (Windows NT 10.0; Win64; x64) AppleWebKit/537.36 (KHTML, like Gecko) Chrome/84.0.4147.135 Safari/537.36"
::1 - - [28/Aug/2020:18:56:57 +0000] "GET /socket.io/?EIO=3&transport=polling&t=NGsRXCW HTTP/1.1" 404 149 "http://localhost:8000/" "Mozilla/5.0 (Windows NT 10.0; Win64; x64) AppleWebKit/537.36 (KHTML, like Gecko) Chrome/84.0.4147.135 Safari/537.36"
::1 - - [28/Aug/2020:18:57:04 +0000] "GET /socket.io/?EIO=3&transport=polling&t=NGsRYvH HTTP/1.1" 404 149 "http://localhost:8000/" "Mozilla/5.0 (Windows NT 10.0; Win64; x64) AppleWebKit/537.36 (KHTML, like Gecko) Chrome/84.0.4147.135 Safari/537.36"
::1 - - [28/Aug/2020:18:57:11 +0000] "GET /socket.io/?EIO=3&transport=polling&t=NGsRacf HTTP/1.1" 404 149 "http://localhost:8000/" "Mozilla/5.0 (Windows NT 10.0; Win64; x64) AppleWebKit/537.36 (KHTML, like Gecko) Chrome/84.0.4147.135 Safari/537.36"
::1 - - [28/Aug/2020:18:57:18 +0000] "GET /socket.io/?EIO=3&transport=polling&t=NGsRcKM HTTP/1.1" 404 149 "http://localhost:8000/" "Mozilla/5.0 (Windows NT 10.0; Win64; x64) AppleWebKit/537.36 (KHTML, like Gecko) Chrome/84.0.4147.135 Safari/537.36"
::1 - - [28/Aug/2020:18:57:25 +0000] "GET /socket.io/?EIO=3&transport=polling&t=NGsRe1Q HTTP/1.1" 404 149 "http://localhost:8000/" "Mozilla/5.0 (Windows NT 10.0; Win64; x64) AppleWebKit/537.36 (KHTML, like Gecko) Chrome/84.0.4147.135 Safari/537.36"
::1 - - [28/Aug/2020:18:57:32 +0000] "GET /socket.io/?EIO=3&transport=polling&t=NGsRfl6 HTTP/1.1" 404 149 "http://localhost:8000/" "Mozilla/5.0 (Windows NT 10.0; Win64; x64) AppleWebKit/537.36 (KHTML, like Gecko) Chrome/84.0.4147.135 Safari/537.36"
::1 - - [28/Aug/2020:18:57:39 +0000] "GET /socket.io/?EIO=3&transport=polling&t=NGsRhS9 HTTP/1.1" 404 149 "http://localhost:8000/" "Mozilla/5.0 (Windows NT 10.0; Win64; x64) AppleWebKit/537.36 (KHTML, like Gecko) Chrome/84.0.4147.135 Safari/537.36"
::1 - - [28/Aug/2020:18:57:46 +0000] "GET /socket.io/?EIO=3&transport=polling&t=NGsRj9g HTTP/1.1" 404 149 "http://localhost:8000/" "Mozilla/5.0 (Windows NT 10.0; Win64; x64) AppleWebKit/537.36 (KHTML, like Gecko) Chrome/84.0.4147.135 Safari/537.36"
::1 - - [28/Aug/2020:18:57:53 +0000] "GET /socket.io/?EIO=3&transport=polling&t=NGsRks- HTTP/1.1" 404 149 "http://localhost:8000/" "Mozilla/5.0 (Windows NT 10.0; Win64; x64) AppleWebKit/537.36 (KHTML, like Gecko) Chrome/84.0.4147.135 Safari/537.36"
::1 - - [28/Aug/2020:18:58:00 +0000] "GET /socket.io/?EIO=3&transport=polling&t=NGsRmaK HTTP/1.1" 404 149 "http://localhost:8000/" "Mozilla/5.0 (Windows NT 10.0; Win64; x64) AppleWebKit/537.36 (KHTML, like Gecko) Chrome/84.0.4147.135 Safari/537.36"
::1 - - [28/Aug/2020:18:58:07 +0000] "GET /socket.io/?EIO=3&transport=polling&t=NGsRoH_ HTTP/1.1" 404 149 "http://localhost:8000/" "Mozilla/5.0 (Windows NT 10.0; Win64; x64) AppleWebKit/537.36 (KHTML, like Gecko) Chrome/84.0.4147.135 Safari/537.36"
::1 - - [28/Aug/2020:18:58:14 +0000] "GET /socket.io/?EIO=3&transport=polling&t=NGsRp_3 HTTP/1.1" 404 149 "http://localhost:8000/" "Mozilla/5.0 (Windows NT 10.0; Win64; x64) AppleWebKit/537.36 (KHTML, like Gecko) Chrome/84.0.4147.135 Safari/537.36"
::1 - - [28/Aug/2020:18:58:21 +0000] "GET /socket.io/?EIO=3&transport=polling&t=NGsRriQ HTTP/1.1" 404 149 "http://localhost:8000/" "Mozilla/5.0 (Windows NT 10.0; Win64; x64) AppleWebKit/537.36 (KHTML, like Gecko) Chrome/84.0.4147.135 Safari/537.36"
::1 - - [28/Aug/2020:18:58:28 +0000] "GET /socket.io/?EIO=3&transport=polling&t=NGsRtPo HTTP/1.1" 404 149 "http://localhost:8000/" "Mozilla/5.0 (Windows NT 10.0; Win64; x64) AppleWebKit/537.36 (KHTML, like Gecko) Chrome/84.0.4147.135 Safari/537.36"
::1 - - [28/Aug/2020:18:58:35 +0000] "GET /socket.io/?EIO=3&transport=polling&t=NGsRv79 HTTP/1.1" 404 149 "http://localhost:8000/" "Mozilla/5.0 (Windows NT 10.0; Win64; x64) AppleWebKit/537.36 (KHTML, like Gecko) Chrome/84.0.4147.135 Safari/537.36"
::1 - - [28/Aug/2020:18:58:42 +0000] "GET /socket.io/?EIO=3&transport=polling&t=NGsRwqh HTTP/1.1" 404 149 "http://localhost:8000/" "Mozilla/5.0 (Windows NT 10.0; Win64; x64) AppleWebKit/537.36 (KHTML, like Gecko) Chrome/84.0.4147.135 Safari/537.36"
::1 - - [28/Aug/2020:18:58:49 +0000] "GET /socket.io/?EIO=3&transport=polling&t=NGsRyYl HTTP/1.1" 404 149 "http://localhost:8000/" "Mozilla/5.0 (Windows NT 10.0; Win64; x64) AppleWebKit/537.36 (KHTML, like Gecko) Chrome/84.0.4147.135 Safari/537.36"
::1 - - [28/Aug/2020:18:58:56 +0000] "GET /socket.io/?EIO=3&transport=polling&t=NGsR-FI HTTP/1.1" 404 149 "http://localhost:8000/" "Mozilla/5.0 (Windows NT 10.0; Win64; x64) AppleWebKit/537.36 (KHTML, like Gecko) Chrome/84.0.4147.135 Safari/537.36"
::1 - - [28/Aug/2020:18:59:03 +0000] "GET /socket.io/?EIO=3&transport=polling&t=NGsR_yy HTTP/1.1" 404 149 "http://localhost:8000/" "Mozilla/5.0 (Windows NT 10.0; Win64; x64) AppleWebKit/537.36 (KHTML, like Gecko) Chrome/84.0.4147.135 Safari/537.36"
::1 - - [28/Aug/2020:18:59:10 +0000] "GET /socket.io/?EIO=3&transport=polling&t=NGsS1g2 HTTP/1.1" 404 149 "http://localhost:8000/" "Mozilla/5.0 (Windows NT 10.0; Win64; x64) AppleWebKit/537.36 (KHTML, like Gecko) Chrome/84.0.4147.135 Safari/537.36"
::1 - - [28/Aug/2020:18:59:17 +0000] "GET /socket.io/?EIO=3&transport=polling&t=NGsS3NV HTTP/1.1" 404 149 "http://localhost:8000/" "Mozilla/5.0 (Windows NT 10.0; Win64; x64) AppleWebKit/537.36 (KHTML, like Gecko) Chrome/84.0.4147.135 Safari/537.36"
::1 - - [28/Aug/2020:18:59:24 +0000] "GET /socket.io/?EIO=3&transport=polling&t=NGsS54r HTTP/1.1" 404 149 "http://localhost:8000/" "Mozilla/5.0 (Windows NT 10.0; Win64; x64) AppleWebKit/537.36 (KHTML, like Gecko) Chrome/84.0.4147.135 Safari/537.36"
::1 - - [28/Aug/2020:18:59:31 +0000] "GET /socket.io/?EIO=3&transport=polling&t=NGsS6oA HTTP/1.1" 404 149 "http://localhost:8000/" "Mozilla/5.0 (Windows NT 10.0; Win64; x64) AppleWebKit/537.36 (KHTML, like Gecko) Chrome/84.0.4147.135 Safari/537.36"
::1 - - [28/Aug/2020:18:59:38 +0000] "GET /socket.io/?EIO=3&transport=polling&t=NGsS8VY HTTP/1.1" 404 149 "http://localhost:8000/" "Mozilla/5.0 (Windows NT 10.0; Win64; x64) AppleWebKit/537.36 (KHTML, like Gecko) Chrome/84.0.4147.135 Safari/537.36"
::1 - - [28/Aug/2020:18:59:45 +0000] "GET /socket.io/?EIO=3&transport=polling&t=NGsSADd HTTP/1.1" 404 149 "http://localhost:8000/" "Mozilla/5.0 (Windows NT 10.0; Win64; x64) AppleWebKit/537.36 (KHTML, like Gecko) Chrome/84.0.4147.135 Safari/537.36"
::1 - - [28/Aug/2020:18:59:52 +0000] "GET /socket.io/?EIO=3&transport=polling&t=NGsSBwM HTTP/1.1" 404 149 "http://localhost:8000/" "Mozilla/5.0 (Windows NT 10.0; Win64; x64) AppleWebKit/537.36 (KHTML, like Gecko) Chrome/84.0.4147.135 Safari/537.36"
::1 - - [28/Aug/2020:18:59:59 +0000] "GET /socket.io/?EIO=3&transport=polling&t=NGsSDdk HTTP/1.1" 404 149 "http://localhost:8000/" "Mozilla/5.0 (Windows NT 10.0; Win64; x64) AppleWebKit/537.36 (KHTML, like Gecko) Chrome/84.0.4147.135 Safari/537.36"
::1 - - [28/Aug/2020:19:00:06 +0000] "GET /socket.io/?EIO=3&transport=polling&t=NGsSFLr HTTP/1.1" 404 149 "http://localhost:8000/" "Mozilla/5.0 (Windows NT 10.0; Win64; x64) AppleWebKit/537.36 (KHTML, like Gecko) Chrome/84.0.4147.135 Safari/537.36"
::1 - - [28/Aug/2020:19:00:13 +0000] "GET /socket.io/?EIO=3&transport=polling&t=NGsSH6g HTTP/1.1" 404 149 "http://localhost:8000/" "Mozilla/5.0 (Windows NT 10.0; Win64; x64) AppleWebKit/537.36 (KHTML, like Gecko) Chrome/84.0.4147.135 Safari/537.36"
::1 - - [28/Aug/2020:19:00:20 +0000] "GET /socket.io/?EIO=3&transport=polling&t=NGsSIm6 HTTP/1.1" 404 149 "http://localhost:8000/" "Mozilla/5.0 (Windows NT 10.0; Win64; x64) AppleWebKit/537.36 (KHTML, like Gecko) Chrome/84.0.4147.135 Safari/537.36"
::1 - - [28/Aug/2020:19:00:27 +0000] "GET /socket.io/?EIO=3&transport=polling&t=NGsSKTB HTTP/1.1" 404 149 "http://localhost:8000/" "Mozilla/5.0 (Windows NT 10.0; Win64; x64) AppleWebKit/537.36 (KHTML, like Gecko) Chrome/84.0.4147.135 Safari/537.36"
::1 - - [28/Aug/2020:19:00:34 +0000] "GET /socket.io/?EIO=3&transport=polling&t=NGsSMB1 HTTP/1.1" 404 149 "http://localhost:8000/" "Mozilla/5.0 (Windows NT 10.0; Win64; x64) AppleWebKit/537.36 (KHTML, like Gecko) Chrome/84.0.4147.135 Safari/537.36"
::1 - - [28/Aug/2020:19:00:41 +0000] "GET /socket.io/?EIO=3&transport=polling&t=NGsSNu8 HTTP/1.1" 404 149 "http://localhost:8000/" "Mozilla/5.0 (Windows NT 10.0; Win64; x64) AppleWebKit/537.36 (KHTML, like Gecko) Chrome/84.0.4147.135 Safari/537.36"
::1 - - [28/Aug/2020:19:00:48 +0000] "GET /socket.io/?EIO=3&transport=polling&t=NGsSPbJ HTTP/1.1" 404 149 "http://localhost:8000/" "Mozilla/5.0 (Windows NT 10.0; Win64; x64) AppleWebKit/537.36 (KHTML, like Gecko) Chrome/84.0.4147.135 Safari/537.36"
::1 - - [28/Aug/2020:19:00:55 +0000] "GET /socket.io/?EIO=3&transport=polling&t=NGsSRIh HTTP/1.1" 404 149 "http://localhost:8000/" "Mozilla/5.0 (Windows NT 10.0; Win64; x64) AppleWebKit/537.36 (KHTML, like Gecko) Chrome/84.0.4147.135 Safari/537.36"
::1 - - [28/Aug/2020:19:01:02 +0000] "GET /socket.io/?EIO=3&transport=polling&t=NGsST01 HTTP/1.1" 404 149 "http://localhost:8000/" "Mozilla/5.0 (Windows NT 10.0; Win64; x64) AppleWebKit/537.36 (KHTML, like Gecko) Chrome/84.0.4147.135 Safari/537.36"
::1 - - [28/Aug/2020:19:01:09 +0000] "GET /socket.io/?EIO=3&transport=polling&t=NGsSUjT HTTP/1.1" 404 149 "http://localhost:8000/" "Mozilla/5.0 (Windows NT 10.0; Win64; x64) AppleWebKit/537.36 (KHTML, like Gecko) Chrome/84.0.4147.135 Safari/537.36"
::1 - - [28/Aug/2020:19:01:16 +0000] "GET /socket.io/?EIO=3&transport=polling&t=NGsSWQo HTTP/1.1" 404 149 "http://localhost:8000/" "Mozilla/5.0 (Windows NT 10.0; Win64; x64) AppleWebKit/537.36 (KHTML, like Gecko) Chrome/84.0.4147.135 Safari/537.36"
::1 - - [28/Aug/2020:19:01:23 +0000] "GET /socket.io/?EIO=3&transport=polling&t=NGsSY8H HTTP/1.1" 404 149 "http://localhost:8000/" "Mozilla/5.0 (Windows NT 10.0; Win64; x64) AppleWebKit/537.36 (KHTML, like Gecko) Chrome/84.0.4147.135 Safari/537.36"
::1 - - [28/Aug/2020:19:01:30 +0000] "GET /socket.io/?EIO=3&transport=polling&t=NGsSZrc HTTP/1.1" 404 149 "http://localhost:8000/" "Mozilla/5.0 (Windows NT 10.0; Win64; x64) AppleWebKit/537.36 (KHTML, like Gecko) Chrome/84.0.4147.135 Safari/537.36"
::1 - - [28/Aug/2020:19:01:37 +0000] "GET /socket.io/?EIO=3&transport=polling&t=NGsSbYw HTTP/1.1" 404 149 "http://localhost:8000/" "Mozilla/5.0 (Windows NT 10.0; Win64; x64) AppleWebKit/537.36 (KHTML, like Gecko) Chrome/84.0.4147.135 Safari/537.36"
::1 - - [28/Aug/2020:19:01:44 +0000] "GET /socket.io/?EIO=3&transport=polling&t=NGsSdGx HTTP/1.1" 404 149 "http://localhost:8000/" "Mozilla/5.0 (Windows NT 10.0; Win64; x64) AppleWebKit/537.36 (KHTML, like Gecko) Chrome/84.0.4147.135 Safari/537.36"
::1 - - [28/Aug/2020:19:01:51 +0000] "GET /socket.io/?EIO=3&transport=polling&t=NGsSezg HTTP/1.1" 404 149 "http://localhost:8000/" "Mozilla/5.0 (Windows NT 10.0; Win64; x64) AppleWebKit/537.36 (KHTML, like Gecko) Chrome/84.0.4147.135 Safari/537.36"
::1 - - [28/Aug/2020:19:01:58 +0000] "GET /socket.io/?EIO=3&transport=polling&t=NGsSgkX HTTP/1.1" 404 149 "http://localhost:8000/" "Mozilla/5.0 (Windows NT 10.0; Win64; x64) AppleWebKit/537.36 (KHTML, like Gecko) Chrome/84.0.4147.135 Safari/537.36"
::1 - - [28/Aug/2020:19:02:05 +0000] "GET /socket.io/?EIO=3&transport=polling&t=NGsSiP4 HTTP/1.1" 404 149 "http://localhost:8000/" "Mozilla/5.0 (Windows NT 10.0; Win64; x64) AppleWebKit/537.36 (KHTML, like Gecko) Chrome/84.0.4147.135 Safari/537.36"
::1 - - [28/Aug/2020:19:02:12 +0000] "GET /socket.io/?EIO=3&transport=polling&t=NGsSk6I HTTP/1.1" 404 149 "http://localhost:8000/" "Mozilla/5.0 (Windows NT 10.0; Win64; x64) AppleWebKit/537.36 (KHTML, like Gecko) Chrome/84.0.4147.135 Safari/537.36"
::1 - - [28/Aug/2020:19:02:19 +0000] "GET /socket.io/?EIO=3&transport=polling&t=NGsSlqr HTTP/1.1" 404 149 "http://localhost:8000/" "Mozilla/5.0 (Windows NT 10.0; Win64; x64) AppleWebKit/537.36 (KHTML, like Gecko) Chrome/84.0.4147.135 Safari/537.36"
::1 - - [28/Aug/2020:19:02:26 +0000] "GET /socket.io/?EIO=3&transport=polling&t=NGsSnWY HTTP/1.1" 404 149 "http://localhost:8000/" "Mozilla/5.0 (Windows NT 10.0; Win64; x64) AppleWebKit/537.36 (KHTML, like Gecko) Chrome/84.0.4147.135 Safari/537.36"
::1 - - [28/Aug/2020:19:02:33 +0000] "GET /socket.io/?EIO=3&transport=polling&t=NGsSpDw HTTP/1.1" 404 149 "http://localhost:8000/" "Mozilla/5.0 (Windows NT 10.0; Win64; x64) AppleWebKit/537.36 (KHTML, like Gecko) Chrome/84.0.4147.135 Safari/537.36"
::1 - - [28/Aug/2020:19:02:40 +0000] "GET /socket.io/?EIO=3&transport=polling&t=NGsSqxX HTTP/1.1" 404 149 "http://localhost:8000/" "Mozilla/5.0 (Windows NT 10.0; Win64; x64) AppleWebKit/537.36 (KHTML, like Gecko) Chrome/84.0.4147.135 Safari/537.36"
::1 - - [28/Aug/2020:19:02:47 +0000] "GET /socket.io/?EIO=3&transport=polling&t=NGsSsf3 HTTP/1.1" 404 149 "http://localhost:8000/" "Mozilla/5.0 (Windows NT 10.0; Win64; x64) AppleWebKit/537.36 (KHTML, like Gecko) Chrome/84.0.4147.135 Safari/537.36"
::1 - - [28/Aug/2020:19:02:54 +0000] "GET /socket.io/?EIO=3&transport=polling&t=NGsSuM3 HTTP/1.1" 404 149 "http://localhost:8000/" "Mozilla/5.0 (Windows NT 10.0; Win64; x64) AppleWebKit/537.36 (KHTML, like Gecko) Chrome/84.0.4147.135 Safari/537.36"
::1 - - [28/Aug/2020:19:03:01 +0000] "GET /socket.io/?EIO=3&transport=polling&t=NGsSw3Q HTTP/1.1" 404 149 "http://localhost:8000/" "Mozilla/5.0 (Windows NT 10.0; Win64; x64) AppleWebKit/537.36 (KHTML, like Gecko) Chrome/84.0.4147.135 Safari/537.36"
::1 - - [28/Aug/2020:19:03:08 +0000] "GET /socket.io/?EIO=3&transport=polling&t=NGsSxmn HTTP/1.1" 404 149 "http://localhost:8000/" "Mozilla/5.0 (Windows NT 10.0; Win64; x64) AppleWebKit/537.36 (KHTML, like Gecko) Chrome/84.0.4147.135 Safari/537.36"
::1 - - [28/Aug/2020:19:03:15 +0000] "GET /socket.io/?EIO=3&transport=polling&t=NGsSzUB HTTP/1.1" 404 149 "http://localhost:8000/" "Mozilla/5.0 (Windows NT 10.0; Win64; x64) AppleWebKit/537.36 (KHTML, like Gecko) Chrome/84.0.4147.135 Safari/537.36"
::1 - - [28/Aug/2020:19:03:22 +0000] "GET /socket.io/?EIO=3&transport=polling&t=NGsS_Bf HTTP/1.1" 404 149 "http://localhost:8000/" "Mozilla/5.0 (Windows NT 10.0; Win64; x64) AppleWebKit/537.36 (KHTML, like Gecko) Chrome/84.0.4147.135 Safari/537.36"
::1 - - [28/Aug/2020:19:03:29 +0000] "GET /socket.io/?EIO=3&transport=polling&t=NGsT0u- HTTP/1.1" 404 149 "http://localhost:8000/" "Mozilla/5.0 (Windows NT 10.0; Win64; x64) AppleWebKit/537.36 (KHTML, like Gecko) Chrome/84.0.4147.135 Safari/537.36"
::1 - - [28/Aug/2020:19:03:36 +0000] "GET /socket.io/?EIO=3&transport=polling&t=NGsT2cQ HTTP/1.1" 404 149 "http://localhost:8000/" "Mozilla/5.0 (Windows NT 10.0; Win64; x64) AppleWebKit/537.36 (KHTML, like Gecko) Chrome/84.0.4147.135 Safari/537.36"
::1 - - [28/Aug/2020:19:03:43 +0000] "GET /socket.io/?EIO=3&transport=polling&t=NGsT4J- HTTP/1.1" 404 149 "http://localhost:8000/" "Mozilla/5.0 (Windows NT 10.0; Win64; x64) AppleWebKit/537.36 (KHTML, like Gecko) Chrome/84.0.4147.135 Safari/537.36"
::1 - - [28/Aug/2020:19:03:50 +0000] "GET /socket.io/?EIO=3&transport=polling&t=NGsT61u HTTP/1.1" 404 149 "http://localhost:8000/" "Mozilla/5.0 (Windows NT 10.0; Win64; x64) AppleWebKit/537.36 (KHTML, like Gecko) Chrome/84.0.4147.135 Safari/537.36"
::1 - - [28/Aug/2020:19:03:57 +0000] "GET /socket.io/?EIO=3&transport=polling&t=NGsT7kT HTTP/1.1" 404 149 "http://localhost:8000/" "Mozilla/5.0 (Windows NT 10.0; Win64; x64) AppleWebKit/537.36 (KHTML, like Gecko) Chrome/84.0.4147.135 Safari/537.36"
::1 - - [28/Aug/2020:19:04:04 +0000] "GET /socket.io/?EIO=3&transport=polling&t=NGsT9Rv HTTP/1.1" 404 149 "http://localhost:8000/" "Mozilla/5.0 (Windows NT 10.0; Win64; x64) AppleWebKit/537.36 (KHTML, like Gecko) Chrome/84.0.4147.135 Safari/537.36"
::1 - - [28/Aug/2020:19:04:11 +0000] "GET /socket.io/?EIO=3&transport=polling&t=NGsTB9F HTTP/1.1" 404 149 "http://localhost:8000/" "Mozilla/5.0 (Windows NT 10.0; Win64; x64) AppleWebKit/537.36 (KHTML, like Gecko) Chrome/84.0.4147.135 Safari/537.36"
::1 - - [28/Aug/2020:19:04:18 +0000] "GET /socket.io/?EIO=3&transport=polling&t=NGsTCsq HTTP/1.1" 404 149 "http://localhost:8000/" "Mozilla/5.0 (Windows NT 10.0; Win64; x64) AppleWebKit/537.36 (KHTML, like Gecko) Chrome/84.0.4147.135 Safari/537.36"
::1 - - [28/Aug/2020:19:04:25 +0000] "GET /socket.io/?EIO=3&transport=polling&t=NGsTEZy HTTP/1.1" 404 149 "http://localhost:8000/" "Mozilla/5.0 (Windows NT 10.0; Win64; x64) AppleWebKit/537.36 (KHTML, like Gecko) Chrome/84.0.4147.135 Safari/537.36"
::1 - - [28/Aug/2020:19:04:32 +0000] "GET /socket.io/?EIO=3&transport=polling&t=NGsTGHI HTTP/1.1" 404 149 "http://localhost:8000/" "Mozilla/5.0 (Windows NT 10.0; Win64; x64) AppleWebKit/537.36 (KHTML, like Gecko) Chrome/84.0.4147.135 Safari/537.36"
::1 - - [28/Aug/2020:19:04:39 +0000] "GET /socket.io/?EIO=3&transport=polling&t=NGsTH-t HTTP/1.1" 404 149 "http://localhost:8000/" "Mozilla/5.0 (Windows NT 10.0; Win64; x64) AppleWebKit/537.36 (KHTML, like Gecko) Chrome/84.0.4147.135 Safari/537.36"
::1 - - [28/Aug/2020:19:04:47 +0000] "GET /socket.io/?EIO=3&transport=polling&t=NGsTJsi HTTP/1.1" 404 149 "http://localhost:8000/" "Mozilla/5.0 (Windows NT 10.0; Win64; x64) AppleWebKit/537.36 (KHTML, like Gecko) Chrome/84.0.4147.135 Safari/537.36"
::1 - - [28/Aug/2020:19:04:53 +0000] "GET /socket.io/?EIO=3&transport=polling&t=NGsTLPd HTTP/1.1" 404 149 "http://localhost:8000/" "Mozilla/5.0 (Windows NT 10.0; Win64; x64) AppleWebKit/537.36 (KHTML, like Gecko) Chrome/84.0.4147.135 Safari/537.36"
::1 - - [28/Aug/2020:19:05:00 +0000] "GET /socket.io/?EIO=3&transport=polling&t=NGsTN6- HTTP/1.1" 404 149 "http://localhost:8000/" "Mozilla/5.0 (Windows NT 10.0; Win64; x64) AppleWebKit/537.36 (KHTML, like Gecko) Chrome/84.0.4147.135 Safari/537.36"
::1 - - [28/Aug/2020:19:05:07 +0000] "GET /socket.io/?EIO=3&transport=polling&t=NGsTOqA HTTP/1.1" 404 149 "http://localhost:8000/" "Mozilla/5.0 (Windows NT 10.0; Win64; x64) AppleWebKit/537.36 (KHTML, like Gecko) Chrome/84.0.4147.135 Safari/537.36"
::1 - - [28/Aug/2020:19:05:14 +0000] "GET /socket.io/?EIO=3&transport=polling&t=NGsTQXa HTTP/1.1" 404 149 "http://localhost:8000/" "Mozilla/5.0 (Windows NT 10.0; Win64; x64) AppleWebKit/537.36 (KHTML, like Gecko) Chrome/84.0.4147.135 Safari/537.36"
::1 - - [28/Aug/2020:19:05:21 +0000] "GET /socket.io/?EIO=3&transport=polling&t=NGsTSEy HTTP/1.1" 404 149 "http://localhost:8000/" "Mozilla/5.0 (Windows NT 10.0; Win64; x64) AppleWebKit/537.36 (KHTML, like Gecko) Chrome/84.0.4147.135 Safari/537.36"
::1 - - [28/Aug/2020:19:05:28 +0000] "GET /socket.io/?EIO=3&transport=polling&t=NGsTTyP HTTP/1.1" 404 149 "http://localhost:8000/" "Mozilla/5.0 (Windows NT 10.0; Win64; x64) AppleWebKit/537.36 (KHTML, like Gecko) Chrome/84.0.4147.135 Safari/537.36"
::1 - - [28/Aug/2020:19:05:35 +0000] "GET /socket.io/?EIO=3&transport=polling&t=NGsTVfg HTTP/1.1" 404 149 "http://localhost:8000/" "Mozilla/5.0 (Windows NT 10.0; Win64; x64) AppleWebKit/537.36 (KHTML, like Gecko) Chrome/84.0.4147.135 Safari/537.36"
::1 - - [28/Aug/2020:20:14:58 +0000] "GET / HTTP/1.1" 200 4618 "-" "Mozilla/5.0 (Windows NT 10.0; Win64; x64) AppleWebKit/537.36 (KHTML, like Gecko) Chrome/84.0.4147.135 Safari/537.36"
::1 - - [28/Aug/2020:20:14:58 +0000] "GET /css/layout-3b677fb875.css HTTP/1.1" 404 164 "http://localhost:8000/" "Mozilla/5.0 (Windows NT 10.0; Win64; x64) AppleWebKit/537.36 (KHTML, like Gecko) Chrome/84.0.4147.135 Safari/537.36"
::1 - - [28/Aug/2020:20:14:58 +0000] "GET /css_buttons/bootstrap-social.css HTTP/1.1" 404 171 "http://localhost:8000/" "Mozilla/5.0 (Windows NT 10.0; Win64; x64) AppleWebKit/537.36 (KHTML, like Gecko) Chrome/84.0.4147.135 Safari/537.36"
::1 - - [28/Aug/2020:20:14:58 +0000] "GET /css_buttons/bootstrap-social.css HTTP/1.1" 404 171 "http://localhost:8000/" "Mozilla/5.0 (Windows NT 10.0; Win64; x64) AppleWebKit/537.36 (KHTML, like Gecko) Chrome/84.0.4147.135 Safari/537.36"
::1 - - [28/Aug/2020:20:15:00 +0000] "GET /users/auth/google HTTP/1.1" 302 0 "http://localhost:8000/" "Mozilla/5.0 (Windows NT 10.0; Win64; x64) AppleWebKit/537.36 (KHTML, like Gecko) Chrome/84.0.4147.135 Safari/537.36"
::1 - - [28/Aug/2020:20:15:41 +0000] "GET / HTTP/1.1" 304 - "-" "Mozilla/5.0 (Windows NT 10.0; Win64; x64) AppleWebKit/537.36 (KHTML, like Gecko) Chrome/84.0.4147.135 Safari/537.36"
::1 - - [28/Aug/2020:20:15:41 +0000] "GET /css/layout-3b677fb875.css HTTP/1.1" 404 164 "http://localhost:8000/" "Mozilla/5.0 (Windows NT 10.0; Win64; x64) AppleWebKit/537.36 (KHTML, like Gecko) Chrome/84.0.4147.135 Safari/537.36"
::1 - - [28/Aug/2020:20:15:41 +0000] "GET /css_buttons/bootstrap-social.css HTTP/1.1" 404 171 "http://localhost:8000/" "Mozilla/5.0 (Windows NT 10.0; Win64; x64) AppleWebKit/537.36 (KHTML, like Gecko) Chrome/84.0.4147.135 Safari/537.36"
::1 - - [28/Aug/2020:20:15:41 +0000] "GET /css_buttons/bootstrap-social.css HTTP/1.1" 404 171 "http://localhost:8000/" "Mozilla/5.0 (Windows NT 10.0; Win64; x64) AppleWebKit/537.36 (KHTML, like Gecko) Chrome/84.0.4147.135 Safari/537.36"
::1 - - [28/Aug/2020:20:15:43 +0000] "GET /users/auth/google HTTP/1.1" 302 0 "http://localhost:8000/" "Mozilla/5.0 (Windows NT 10.0; Win64; x64) AppleWebKit/537.36 (KHTML, like Gecko) Chrome/84.0.4147.135 Safari/537.36"
::1 - - [28/Aug/2020:20:15:48 +0000] "GET /css/layout-3b677fb875.css HTTP/1.1" 404 164 "http://localhost:8000/" "Mozilla/5.0 (Windows NT 10.0; Win64; x64) AppleWebKit/537.36 (KHTML, like Gecko) Chrome/84.0.4147.135 Safari/537.36"
::1 - - [28/Aug/2020:20:15:48 +0000] "GET /css_buttons/bootstrap-social.css HTTP/1.1" 404 171 "http://localhost:8000/" "Mozilla/5.0 (Windows NT 10.0; Win64; x64) AppleWebKit/537.36 (KHTML, like Gecko) Chrome/84.0.4147.135 Safari/537.36"
[0mGET /css_buttons/bootstrap-social.css [33m404[0m 114.717 ms - 171[0m
[0mGET / [32m200[0m 182.012 ms - 4486[0m
[0mGET /public/assets/images/connecting_people_business_network-cac9f201ad.png [33m404[0m 120.863 ms - 209[0m
[0mGET /users/auth/google [36m302[0m 20.212 ms - 0[0m
